<?xml version="1.0" encoding="UTF-8"?>
<!-- Generated by org.testng.reporters.JUnitXMLReporter -->
<testsuite ignored="0" hostname="DESKTOP-O2IPSNG" failures="0" tests="6" name="Default test" time="35.667" errors="0" timestamp="2026-05-25T22:57:53 IST">
  <testcase classname="testPackage.TC07_LinkTest" name="ClickOnClosed" time="0.336"/>
  <testcase classname="testPackage.TC07_LinkTest" name="ClickOnPracticebtn" time="2.446"/>
  <testcase classname="testPackage.TC07_LinkTest" name="ClickOnElement" time="0.333"/>
  <testcase classname="testPackage.TC07_LinkTest" name="ClickOnLinks" time="0.402"/>
  <testcase classname="testPackage.TC07_LinkTest" name="ClickOnBrowserbtn" time="2.568"/>
  <testcase classname="testPackage.TC07_LinkTest" name="ClickOnAllLinks" time="4.616"/>
</testsuite> <!-- Default test -->
