<?xml version="1.0" encoding="UTF-8"?>
<!-- Generated by org.testng.reporters.JUnitXMLReporter -->
<testsuite ignored="0" hostname="DESKTOP-O2IPSNG" failures="0" tests="6" name="Default test" time="28.972" errors="0" timestamp="2026-06-07T17:49:50 IST">
  <testcase classname="testPackage.TC08_UploadAndDownloadTest" name="ClickOnClosed" time="0.474"/>
  <testcase classname="testPackage.TC08_UploadAndDownloadTest" name="ClickOnPracticebtn" time="4.009"/>
  <testcase classname="testPackage.TC08_UploadAndDownloadTest" name="ClickOnElement" time="0.417"/>
  <testcase classname="testPackage.TC08_UploadAndDownloadTest" name="ClickOnUploadAndDownlaod" time="0.685"/>
  <testcase classname="testPackage.TC08_UploadAndDownloadTest" name="ClickOnSelectFile" time="0.303"/>
  <testcase classname="testPackage.TC08_UploadAndDownloadTest" name="uploadingfile" time="4.233"/>
</testsuite> <!-- Default test -->
