<?xml version="1.0" encoding="UTF-8"?>
<!-- Generated by org.testng.reporters.JUnitXMLReporter -->
<testsuite ignored="0" hostname="DESKTOP-O2IPSNG" failures="0" tests="5" name="ButtonsTest" time="33.953" errors="0" timestamp="2026-05-31T23:33:07 IST">
  <testcase classname="testPackage.TC06_ButtonsTest" name="ClickOnClosed" time="0.24"/>
  <testcase classname="testPackage.TC06_ButtonsTest" name="ClickOnPracticebtn" time="19.32"/>
  <testcase classname="testPackage.TC06_ButtonsTest" name="ClickOnElement" time="0.471"/>
  <testcase classname="testPackage.TC06_ButtonsTest" name="ClickOnButton" time="0.436"/>
  <testcase classname="testPackage.TC06_ButtonsTest" name="ClickOnAllbutton" time="1.449"/>
</testsuite> <!-- ButtonsTest -->
