<?xml version="1.0" encoding="UTF-8"?>
<!-- Generated by org.testng.reporters.JUnitXMLReporter -->
<testsuite ignored="0" hostname="DESKTOP-O2IPSNG" failures="0" tests="6" name="TextBoxTest" time="38.573" errors="0" timestamp="2026-05-31T23:30:52 IST">
  <testcase classname="testPackage.TC02_TextBoxTest" name="ClickOnClosed" time="0.222"/>
  <testcase classname="testPackage.TC02_TextBoxTest" name="ClickOnPracticebtn" time="16.219"/>
  <testcase classname="testPackage.TC02_TextBoxTest" name="ClickOnElement" time="0.411"/>
  <testcase classname="testPackage.TC02_TextBoxTest" name="ClickOnTextBox" time="0.348"/>
  <testcase classname="testPackage.TC02_TextBoxTest" name="getSendDetailTextbox" time="6.61"/>
  <testcase classname="testPackage.TC02_TextBoxTest" name="getdetailOftextbox" time="0.596"/>
</testsuite> <!-- TextBoxTest -->
