<?xml version="1.0" encoding="UTF-8"?>
<!-- Generated by org.testng.reporters.JUnitXMLReporter -->
<testsuite ignored="0" hostname="DESKTOP-O2IPSNG" failures="0" tests="6" name="UploadAndDownload" time="31.848" errors="0" timestamp="2026-05-31T23:34:11 IST">
  <testcase classname="testPackage.TC08_UploadAndDownloadTest" name="ClickOnClosed" time="0.216"/>
  <testcase classname="testPackage.TC08_UploadAndDownloadTest" name="ClickOnPracticebtn" time="15.521"/>
  <testcase classname="testPackage.TC08_UploadAndDownloadTest" name="ClickOnElement" time="0.289"/>
  <testcase classname="testPackage.TC08_UploadAndDownloadTest" name="ClickOnUploadAndDownlaod" time="0.396"/>
  <testcase classname="testPackage.TC08_UploadAndDownloadTest" name="ClickOnSelectFile" time="0.32"/>
  <testcase classname="testPackage.TC08_UploadAndDownloadTest" name="uploadingfile" time="3.034"/>
</testsuite> <!-- UploadAndDownload -->
