<?xml version="1.0" encoding="UTF-8"?>
<!-- Generated by org.testng.reporters.JUnitXMLReporter -->
<testsuite ignored="0" hostname="DESKTOP-O2IPSNG" failures="0" tests="7" name="WebTableTest" time="47.299" errors="0" timestamp="2026-05-25T23:04:30 IST">
  <testcase classname="testPackage.TC05_WebTableTest" name="ClickOnClosed" time="0.22"/>
  <testcase classname="testPackage.TC05_WebTableTest" name="ClickOnPracticebtn" time="2.45"/>
  <testcase classname="testPackage.TC05_WebTableTest" name="ClickOnElement" time="0.345"/>
  <testcase classname="testPackage.TC05_WebTableTest" name="ClickOnWebTable" time="0.414"/>
  <testcase classname="testPackage.TC05_WebTableTest" name="getfilldetail" time="11.031"/>
  <testcase classname="testPackage.TC05_WebTableTest" name="getUpdate" time="22.598"/>
  <testcase classname="testPackage.TC05_WebTableTest" name="getUpdated_data" time="0.987"/>
</testsuite> <!-- WebTableTest -->
