<?xml version="1.0" encoding="UTF-8"?>
<!-- Generated by org.testng.reporters.JUnitXMLReporter -->
<testsuite ignored="0" hostname="DESKTOP-O2IPSNG" failures="0" tests="5" name="ButtonsTest" time="43.56" errors="0" timestamp="2026-05-31T23:39:15 IST">
  <testcase classname="testPackage.TC06_ButtonsTest" name="ClickOnClosed" time="0.197"/>
  <testcase classname="testPackage.TC06_ButtonsTest" name="ClickOnPracticebtn" time="31.728"/>
  <testcase classname="testPackage.TC06_ButtonsTest" name="ClickOnElement" time="0.303"/>
  <testcase classname="testPackage.TC06_ButtonsTest" name="ClickOnButton" time="0.449"/>
  <testcase classname="testPackage.TC06_ButtonsTest" name="ClickOnAllbutton" time="0.769"/>
</testsuite> <!-- ButtonsTest -->
