<?xml version="1.0" encoding="UTF-8"?>
<!-- Generated by org.testng.reporters.JUnitXMLReporter -->
<testsuite ignored="0" hostname="DESKTOP-O2IPSNG" failures="0" tests="5" name="ButtonsTest" time="42.194" errors="0" timestamp="2026-06-07T17:43:29 IST">
  <testcase classname="testPackage.TC06_ButtonsTest" name="ClickOnClosed" time="0.18"/>
  <testcase classname="testPackage.TC06_ButtonsTest" name="ClickOnPracticebtn" time="19.388"/>
  <testcase classname="testPackage.TC06_ButtonsTest" name="ClickOnElement" time="0.223"/>
  <testcase classname="testPackage.TC06_ButtonsTest" name="ClickOnButton" time="0.465"/>
  <testcase classname="testPackage.TC06_ButtonsTest" name="ClickOnAllbutton" time="0.825"/>
</testsuite> <!-- ButtonsTest -->
