<?xml version="1.0" encoding="UTF-8"?>
<!-- Generated by org.testng.reporters.JUnitXMLReporter -->
<testsuite ignored="0" hostname="DESKTOP-O2IPSNG" failures="0" tests="5" name="CheckBoxTest" time="67.828" errors="0" timestamp="2026-06-07T17:41:29 IST">
  <testcase classname="testPackage.TC03_CheckBoxTest" name="ClickOnClosed" time="0.258"/>
  <testcase classname="testPackage.TC03_CheckBoxTest" name="ClickOnPracticebtn" time="44.72"/>
  <testcase classname="testPackage.TC03_CheckBoxTest" name="ClickOnElement" time="0.339"/>
  <testcase classname="testPackage.TC03_CheckBoxTest" name="ClickOnCheckbox" time="0.428"/>
  <testcase classname="testPackage.TC03_CheckBoxTest" name="ClickonAllCheckbox" time="2.085"/>
</testsuite> <!-- CheckBoxTest -->
