<?xml version="1.0" encoding="UTF-8"?>
<!-- Generated by org.testng.reporters.JUnitXMLReporter -->
<testsuite ignored="0" hostname="DESKTOP-O2IPSNG" failures="0" tests="5" name="CheckBoxTest" time="14.567" errors="0" timestamp="2026-05-25T23:07:01 IST">
  <testcase classname="testPackage.TC03_CheckBoxTest" name="ClickOnClosed" time="0.442"/>
  <testcase classname="testPackage.TC03_CheckBoxTest" name="ClickOnPracticebtn" time="2.573"/>
  <testcase classname="testPackage.TC03_CheckBoxTest" name="ClickOnElement" time="0.299"/>
  <testcase classname="testPackage.TC03_CheckBoxTest" name="ClickOnCheckbox" time="0.58"/>
  <testcase classname="testPackage.TC03_CheckBoxTest" name="ClickonAllCheckbox" time="1.424"/>
</testsuite> <!-- CheckBoxTest -->
