<?xml version="1.0" encoding="UTF-8"?>
<!-- Generated by org.testng.reporters.JUnitXMLReporter -->
<testsuite ignored="0" hostname="DESKTOP-O2IPSNG" failures="0" tests="6" name="LinkTest" time="27.578" errors="0" timestamp="2026-05-31T23:39:43 IST">
  <testcase classname="testPackage.TC07_LinkTest" name="ClickOnClosed" time="0.222"/>
  <testcase classname="testPackage.TC07_LinkTest" name="ClickOnPracticebtn" time="11.847"/>
  <testcase classname="testPackage.TC07_LinkTest" name="ClickOnElement" time="0.289"/>
  <testcase classname="testPackage.TC07_LinkTest" name="ClickOnLinks" time="0.409"/>
  <testcase classname="testPackage.TC07_LinkTest" name="ClickOnBrowserbtn" time="1.904"/>
  <testcase classname="testPackage.TC07_LinkTest" name="ClickOnAllLinks" time="2.818"/>
</testsuite> <!-- LinkTest -->
