<?xml version="1.0" encoding="UTF-8"?>
<!-- Generated by org.testng.reporters.JUnitXMLReporter -->
<testsuite ignored="0" hostname="DESKTOP-O2IPSNG" failures="0" tests="5" name="RadioButtonTest" time="33.514" errors="0" timestamp="2026-06-07T17:42:03 IST">
  <testcase classname="testPackage.TC04_RadioButtonTest" name="ClickOnClosed" time="0.169"/>
  <testcase classname="testPackage.TC04_RadioButtonTest" name="ClickOnPracticebtn" time="6.195"/>
  <testcase classname="testPackage.TC04_RadioButtonTest" name="ClickOnElement" time="0.433"/>
  <testcase classname="testPackage.TC04_RadioButtonTest" name="ClickOnRadioButtons" time="0.437"/>
  <testcase classname="testPackage.TC04_RadioButtonTest" name="ClickOnAllRadioButton" time="1.268"/>
</testsuite> <!-- RadioButtonTest -->
