<?xml version="1.0" encoding="UTF-8"?>
<!-- Generated by org.testng.reporters.JUnitXMLReporter -->
<testsuite ignored="0" hostname="DESKTOP-O2IPSNG" failures="0" tests="5" name="RadioButtonTest" time="11.947" errors="0" timestamp="2026-05-25T23:07:13 IST">
  <testcase classname="testPackage.TC04_RadioButtonTest" name="ClickOnClosed" time="0.222"/>
  <testcase classname="testPackage.TC04_RadioButtonTest" name="ClickOnPracticebtn" time="2.587"/>
  <testcase classname="testPackage.TC04_RadioButtonTest" name="ClickOnElement" time="0.313"/>
  <testcase classname="testPackage.TC04_RadioButtonTest" name="ClickOnRadioButtons" time="0.434"/>
  <testcase classname="testPackage.TC04_RadioButtonTest" name="ClickOnAllRadioButton" time="0.833"/>
</testsuite> <!-- RadioButtonTest -->
