<?xml version="1.0" encoding="UTF-8"?>
<!-- Generated by org.testng.reporters.JUnitXMLReporter -->
<testsuite ignored="0" hostname="DESKTOP-O2IPSNG" failures="0" tests="6" name="TextBoxTest" time="34.131" errors="0" timestamp="2026-05-31T23:36:55 IST">
  <testcase classname="testPackage.TC02_TextBoxTest" name="ClickOnClosed" time="0.22"/>
  <testcase classname="testPackage.TC02_TextBoxTest" name="ClickOnPracticebtn" time="17.315"/>
  <testcase classname="testPackage.TC02_TextBoxTest" name="ClickOnElement" time="0.344"/>
  <testcase classname="testPackage.TC02_TextBoxTest" name="ClickOnTextBox" time="0.404"/>
  <testcase classname="testPackage.TC02_TextBoxTest" name="getSendDetailTextbox" time="6.386"/>
  <testcase classname="testPackage.TC02_TextBoxTest" name="getdetailOftextbox" time="0.511"/>
</testsuite> <!-- TextBoxTest -->
