<?xml version="1.0" encoding="UTF-8"?>
<!-- Generated by org.testng.reporters.JUnitXMLReporter -->
<testsuite ignored="0" hostname="DESKTOP-O2IPSNG" failures="0" tests="6" name="TextBoxTest" time="28.579" errors="0" timestamp="2026-06-07T17:40:22 IST">
  <testcase classname="testPackage.TC02_TextBoxTest" name="ClickOnClosed" time="0.339"/>
  <testcase classname="testPackage.TC02_TextBoxTest" name="ClickOnPracticebtn" time="3.548"/>
  <testcase classname="testPackage.TC02_TextBoxTest" name="ClickOnElement" time="0.414"/>
  <testcase classname="testPackage.TC02_TextBoxTest" name="ClickOnTextBox" time="0.379"/>
  <testcase classname="testPackage.TC02_TextBoxTest" name="getSendDetailTextbox" time="5.566"/>
  <testcase classname="testPackage.TC02_TextBoxTest" name="getdetailOftextbox" time="0.801"/>
</testsuite> <!-- TextBoxTest -->
