<?xml version="1.0" encoding="UTF-8"?>
<!-- Generated by org.testng.reporters.JUnitXMLReporter -->
<testsuite ignored="0" hostname="DESKTOP-O2IPSNG" failures="1" tests="6" name="UploadAndDownload" time="36.724" errors="0" timestamp="2026-06-07T17:44:42 IST">
  <testcase classname="testPackage.TC08_UploadAndDownloadTest" name="ClickOnClosed" time="10.393">
    <failure type="org.openqa.selenium.TimeoutException" message="Expected condition failed: waiting for element to be clickable, but the element was not visible.
(tried for 10 seconds with 500 milliseconds interval)
Build info: version: &amp;apos;4.40.0&amp;apos;, revision: &amp;apos;b3333f1&amp;apos;
System info: os.name: &amp;apos;Windows 11&amp;apos;, os.arch: &amp;apos;amd64&amp;apos;, os.version: &amp;apos;10.0&amp;apos;, java.version: &amp;apos;21.0.10&amp;apos;
Driver info: org.openqa.selenium.chrome.ChromeDriver
Capabilities {acceptInsecureCerts: false, browserName: chrome, browserVersion: 149.0.7827.54, chrome: {chromedriverVersion: 149.0.7827.54 (42ce21f112d0..., userDataDir: C:\Users\Av\AppData\Local\T...}, fedcm:accounts: true, goog:chromeOptions: {debuggerAddress: localhost:53965}, goog:processID: 19944, networkConnectionEnabled: false, pageLoadStrategy: normal, platformName: windows, proxy: Proxy(), se:cdp: ws://localhost:53965/devtoo..., se:cdpVersion: 149.0.7827.54, setWindowRect: true, strictFileInteractability: false, timeouts: {implicit: 0, pageLoad: 300000, script: 30000}, unhandledPromptBehavior: dismiss and notify, webauthn:extension:credBlob: true, webauthn:extension:largeBlob: true, webauthn:extension:minPinLength: true, webauthn:extension:prf: true, webauthn:virtualAuthenticators: true}
Session ID: c29a6dcef540c68759d140c0fcd5bae8">
      <![CDATA[org.openqa.selenium.TimeoutException: Expected condition failed: waiting for element to be clickable, but the element was not visible.
(tried for 10 seconds with 500 milliseconds interval)
Build info: version: '4.40.0', revision: 'b3333f1'
System info: os.name: 'Windows 11', os.arch: 'amd64', os.version: '10.0', java.version: '21.0.10'
Driver info: org.openqa.selenium.chrome.ChromeDriver
Capabilities {acceptInsecureCerts: false, browserName: chrome, browserVersion: 149.0.7827.54, chrome: {chromedriverVersion: 149.0.7827.54 (42ce21f112d0..., userDataDir: C:\Users\Av\AppData\Local\T...}, fedcm:accounts: true, goog:chromeOptions: {debuggerAddress: localhost:53965}, goog:processID: 19944, networkConnectionEnabled: false, pageLoadStrategy: normal, platformName: windows, proxy: Proxy(), se:cdp: ws://localhost:53965/devtoo..., se:cdpVersion: 149.0.7827.54, setWindowRect: true, strictFileInteractability: false, timeouts: {implicit: 0, pageLoad: 300000, script: 30000}, unhandledPromptBehavior: dismiss and notify, webauthn:extension:credBlob: true, webauthn:extension:largeBlob: true, webauthn:extension:minPinLength: true, webauthn:extension:prf: true, webauthn:virtualAuthenticators: true}
Session ID: c29a6dcef540c68759d140c0fcd5bae8
at org.openqa.selenium.support.ui.WebDriverWait.timeoutException(WebDriverWait.java:84)
at org.openqa.selenium.support.ui.FluentWait.until(FluentWait.java:231)
at pageScript.UploadAndDownloadPage.ClickOnClosedbtn(UploadAndDownloadPage.java:38)
at testPackage.TC08_UploadAndDownloadTest.ClickOnClosed(TC08_UploadAndDownloadTest.java:23)
at java.base/java.util.ArrayList.forEach(ArrayList.java:1596)
... Removed 29 stack frames]]>
    </failure>
  </testcase> <!-- ClickOnClosed -->
  <testcase classname="testPackage.TC08_UploadAndDownloadTest" name="ClickOnPracticebtn" time="7.346"/>
  <testcase classname="testPackage.TC08_UploadAndDownloadTest" name="ClickOnElement" time="0.319"/>
  <testcase classname="testPackage.TC08_UploadAndDownloadTest" name="ClickOnUploadAndDownlaod" time="0.515"/>
  <testcase classname="testPackage.TC08_UploadAndDownloadTest" name="ClickOnSelectFile" time="0.447"/>
  <testcase classname="testPackage.TC08_UploadAndDownloadTest" name="uploadingfile" time="2.693"/>
</testsuite> <!-- UploadAndDownload -->
