<?xml version="1.0" encoding="UTF-8"?>
<!-- Generated by org.testng.reporters.JUnitXMLReporter -->
<testsuite ignored="0" hostname="DESKTOP-O2IPSNG" failures="0" tests="6" name="UploadAndDownload" time="39.502" errors="0" timestamp="2026-05-31T23:40:23 IST">
  <testcase classname="testPackage.TC08_UploadAndDownloadTest" name="ClickOnClosed" time="0.232"/>
  <testcase classname="testPackage.TC08_UploadAndDownloadTest" name="ClickOnPracticebtn" time="27.413"/>
  <testcase classname="testPackage.TC08_UploadAndDownloadTest" name="ClickOnElement" time="0.232"/>
  <testcase classname="testPackage.TC08_UploadAndDownloadTest" name="ClickOnUploadAndDownlaod" time="0.413"/>
  <testcase classname="testPackage.TC08_UploadAndDownloadTest" name="ClickOnSelectFile" time="0.337"/>
  <testcase classname="testPackage.TC08_UploadAndDownloadTest" name="uploadingfile" time="3.325"/>
</testsuite> <!-- UploadAndDownload -->
