<?xml version="1.0" encoding="UTF-8"?>
<!-- Generated by org.testng.reporters.JUnitXMLReporter -->
<testsuite ignored="0" hostname="DESKTOP-O2IPSNG" failures="0" tests="7" name="WebTableTest" time="64.202" errors="0" timestamp="2026-05-25T23:08:17 IST">
  <testcase classname="testPackage.TC05_WebTableTest" name="ClickOnClosed" time="0.997"/>
  <testcase classname="testPackage.TC05_WebTableTest" name="ClickOnPracticebtn" time="3.459"/>
  <testcase classname="testPackage.TC05_WebTableTest" name="ClickOnElement" time="1.085"/>
  <testcase classname="testPackage.TC05_WebTableTest" name="ClickOnWebTable" time="1.367"/>
  <testcase classname="testPackage.TC05_WebTableTest" name="getfilldetail" time="24.601"/>
  <testcase classname="testPackage.TC05_WebTableTest" name="getUpdate" time="21.909"/>
  <testcase classname="testPackage.TC05_WebTableTest" name="getUpdated_data" time="1.728"/>
</testsuite> <!-- WebTableTest -->
