<?xml version="1.0" encoding="UTF-8"?>
<testsuite xmlns:xsi="http://www.w3.org/2001/XMLSchema-instance" xsi:noNamespaceSchemaLocation="https://maven.apache.org/surefire/maven-surefire-plugin/xsd/surefire-test-report.xsd" version="3.0.2" name="TestSuite" time="322.288" tests="42" errors="0" skipped="0" failures="1">
  <properties>
[...]
</properties>
  <testcase name="getTitle" classname="testPackage.TC01_LoginTest" time="0.068">
    <system-out><![CDATA[Testing Baba
]]></system-out>
    <system-err><![CDATA[SLF4J: Failed to load class "org.slf4j.impl.StaticLoggerBinder".
SLF4J: Defaulting to no-operation (NOP) logger implementation
SLF4J: See http://www.slf4j.org/codes.html#StaticLoggerBinder for further details.
Jun 07, 2026 5:39:45 PM org.openqa.selenium.devtools.CdpVersionFinder findNearestMatch
WARNING: Unable to find CDP implementation matching 149
Jun 07, 2026 5:39:45 PM org.openqa.selenium.chromium.ChromiumDriver lambda$new$4
WARNING: Unable to find version of CDP to use for 149.0.7827.54. You may need to include a dependency on a specific version of the CDP using something similar to `org.seleniumhq.selenium:selenium-devtools-v86:4.40.0` where the version ("v86") matches the version of the chromium-based browser you're using and the version number of the artifact is the same as Selenium's.
]]></system-err>
  </testcase>
  <testcase name="getVerifyTitle" classname="testPackage.TC01_LoginTest" time="0.053"/>
  <testcase name="ClickOnClosed" classname="testPackage.TC02_TextBoxTest" time="0.343">
    <system-err><![CDATA[Jun 07, 2026 5:39:57 PM org.openqa.selenium.devtools.CdpVersionFinder findNearestMatch
WARNING: Unable to find CDP implementation matching 149
Jun 07, 2026 5:39:57 PM org.openqa.selenium.chromium.ChromiumDriver lambda$new$4
WARNING: Unable to find version of CDP to use for 149.0.7827.54. You may need to include a dependency on a specific version of the CDP using something similar to `org.seleniumhq.selenium:selenium-devtools-v86:4.40.0` where the version ("v86") matches the version of the chromium-based browser you're using and the version number of the artifact is the same as Selenium's.
]]></system-err>
  </testcase>
  <testcase name="ClickOnPracticebtn" classname="testPackage.TC02_TextBoxTest" time="3.548"/>
  <testcase name="ClickOnElement" classname="testPackage.TC02_TextBoxTest" time="0.441"/>
  <testcase name="ClickOnTextBox" classname="testPackage.TC02_TextBoxTest" time="0.383"/>
  <testcase name="getSendDetailTextbox" classname="testPackage.TC02_TextBoxTest" time="5.563">
    <system-err><![CDATA[ERROR StatusLogger Log4j2 could not find a logging implementation. Please add log4j-core to the classpath. Using SimpleLogger to log to the console...
]]></system-err>
  </testcase>
  <testcase name="getdetailOftextbox" classname="testPackage.TC02_TextBoxTest" time="0.803">
    <system-out><![CDATA[Mukesh Kumar
mukeshcs54@gmail.com
Bulding no 145 Block H Secort 63 Noida
Bulding no 160 Block A Sector 62 Noida
]]></system-out>
  </testcase>
  <testcase name="ClickOnClosed" classname="testPackage.TC03_CheckBoxTest" time="0.258">
    <system-err><![CDATA[Jun 07, 2026 5:40:25 PM org.openqa.selenium.devtools.CdpVersionFinder findNearestMatch
WARNING: Unable to find CDP implementation matching 149
Jun 07, 2026 5:40:25 PM org.openqa.selenium.chromium.ChromiumDriver lambda$new$4
WARNING: Unable to find version of CDP to use for 149.0.7827.54. You may need to include a dependency on a specific version of the CDP using something similar to `org.seleniumhq.selenium:selenium-devtools-v86:4.40.0` where the version ("v86") matches the version of the chromium-based browser you're using and the version number of the artifact is the same as Selenium's.
]]></system-err>
  </testcase>
  <testcase name="ClickOnPracticebtn" classname="testPackage.TC03_CheckBoxTest" time="44.72"/>
  <testcase name="ClickOnElement" classname="testPackage.TC03_CheckBoxTest" time="0.356"/>
  <testcase name="ClickOnCheckbox" classname="testPackage.TC03_CheckBoxTest" time="0.424"/>
  <testcase name="ClickonAllCheckbox" classname="testPackage.TC03_CheckBoxTest" time="2.087"/>
  <testcase name="ClickOnClosed" classname="testPackage.TC04_RadioButtonTest" time="0.171">
    <system-err><![CDATA[Jun 07, 2026 5:41:32 PM org.openqa.selenium.devtools.CdpVersionFinder findNearestMatch
WARNING: Unable to find CDP implementation matching 149
Jun 07, 2026 5:41:32 PM org.openqa.selenium.chromium.ChromiumDriver lambda$new$4
WARNING: Unable to find version of CDP to use for 149.0.7827.54. You may need to include a dependency on a specific version of the CDP using something similar to `org.seleniumhq.selenium:selenium-devtools-v86:4.40.0` where the version ("v86") matches the version of the chromium-based browser you're using and the version number of the artifact is the same as Selenium's.
]]></system-err>
  </testcase>
  <testcase name="ClickOnPracticebtn" classname="testPackage.TC04_RadioButtonTest" time="6.193"/>
  <testcase name="ClickOnElement" classname="testPackage.TC04_RadioButtonTest" time="0.435"/>
  <testcase name="ClickOnRadioButtons" classname="testPackage.TC04_RadioButtonTest" time="0.437"/>
  <testcase name="ClickOnAllRadioButton" classname="testPackage.TC04_RadioButtonTest" time="1.269"/>
  <testcase name="ClickOnClosed" classname="testPackage.TC05_WebTableTest" time="0.41">
    <system-err><![CDATA[Jun 07, 2026 5:42:05 PM org.openqa.selenium.devtools.CdpVersionFinder findNearestMatch
WARNING: Unable to find CDP implementation matching 149
Jun 07, 2026 5:42:05 PM org.openqa.selenium.chromium.ChromiumDriver lambda$new$4
WARNING: Unable to find version of CDP to use for 149.0.7827.54. You may need to include a dependency on a specific version of the CDP using something similar to `org.seleniumhq.selenium:selenium-devtools-v86:4.40.0` where the version ("v86") matches the version of the chromium-based browser you're using and the version number of the artifact is the same as Selenium's.
]]></system-err>
  </testcase>
  <testcase name="ClickOnPracticebtn" classname="testPackage.TC05_WebTableTest" time="9.106"/>
  <testcase name="ClickOnElement" classname="testPackage.TC05_WebTableTest" time="0.339"/>
  <testcase name="ClickOnWebTable" classname="testPackage.TC05_WebTableTest" time="0.577"/>
  <testcase name="getfilldetail" classname="testPackage.TC05_WebTableTest" time="8.047"/>
  <testcase name="getUpdate" classname="testPackage.TC05_WebTableTest" time="9.231"/>
  <testcase name="getUpdated_data" classname="testPackage.TC05_WebTableTest" time="0.98">
    <system-out><![CDATA[Raj Aryan
Rahul Bhatt
Rishikant Arya
Mukesh Kumar
Rohit Kashayp
Raajos09@gmail.com
rahul023@gmail.com
Rishikant2026@gmail.com
Mukeshcs54@gmail.com
Rohitcs08@gmail.com
]]></system-out>
  </testcase>
  <testcase name="ClickOnClosed" classname="testPackage.TC06_ButtonsTest" time="0.182">
    <system-err><![CDATA[Jun 07, 2026 5:42:49 PM org.openqa.selenium.devtools.CdpVersionFinder findNearestMatch
WARNING: Unable to find CDP implementation matching 149
Jun 07, 2026 5:42:49 PM org.openqa.selenium.chromium.ChromiumDriver lambda$new$4
WARNING: Unable to find version of CDP to use for 149.0.7827.54. You may need to include a dependency on a specific version of the CDP using something similar to `org.seleniumhq.selenium:selenium-devtools-v86:4.40.0` where the version ("v86") matches the version of the chromium-based browser you're using and the version number of the artifact is the same as Selenium's.
]]></system-err>
  </testcase>
  <testcase name="ClickOnPracticebtn" classname="testPackage.TC06_ButtonsTest" time="19.38"/>
  <testcase name="ClickOnElement" classname="testPackage.TC06_ButtonsTest" time="0.223"/>
  <testcase name="ClickOnButton" classname="testPackage.TC06_ButtonsTest" time="0.463"/>
  <testcase name="ClickOnAllbutton" classname="testPackage.TC06_ButtonsTest" time="0.828"/>
  <testcase name="ClickOnClosed" classname="testPackage.TC07_LinkTest" time="0.196">
    <system-err><![CDATA[Jun 07, 2026 5:43:31 PM org.openqa.selenium.devtools.CdpVersionFinder findNearestMatch
WARNING: Unable to find CDP implementation matching 149
Jun 07, 2026 5:43:31 PM org.openqa.selenium.chromium.ChromiumDriver lambda$new$4
WARNING: Unable to find version of CDP to use for 149.0.7827.54. You may need to include a dependency on a specific version of the CDP using something similar to `org.seleniumhq.selenium:selenium-devtools-v86:4.40.0` where the version ("v86") matches the version of the chromium-based browser you're using and the version number of the artifact is the same as Selenium's.
]]></system-err>
  </testcase>
  <testcase name="ClickOnPracticebtn" classname="testPackage.TC07_LinkTest" time="7.258"/>
  <testcase name="ClickOnElement" classname="testPackage.TC07_LinkTest" time="0.24"/>
  <testcase name="ClickOnLinks" classname="testPackage.TC07_LinkTest" time="0.415"/>
  <testcase name="ClickOnBrowserbtn" classname="testPackage.TC07_LinkTest" time="2.488"/>
  <testcase name="ClickOnAllLinks" classname="testPackage.TC07_LinkTest" time="2.928"/>
  <testcase name="ClickOnClosed" classname="testPackage.TC08_UploadAndDownloadTest" time="10.414">
    <failure message="Expected condition failed: waiting for element to be clickable, but the element was not visible.&#10;(tried for 10 seconds with 500 milliseconds interval)&#10;Build info: version: &apos;4.40.0&apos;, revision: &apos;b3333f1&apos;&#10;System info: os.name: &apos;Windows 11&apos;, os.arch: &apos;amd64&apos;, os.version: &apos;10.0&apos;, java.version: &apos;21.0.10&apos;&#10;Driver info: org.openqa.selenium.chrome.ChromeDriver&#10;Capabilities {acceptInsecureCerts: false, browserName: chrome, browserVersion: 149.0.7827.54, chrome: {chromedriverVersion: 149.0.7827.54 (42ce21f112d0..., userDataDir: C:\Users\Av\AppData\Local\T...}, fedcm:accounts: true, goog:chromeOptions: {debuggerAddress: localhost:53965}, goog:processID: 19944, networkConnectionEnabled: false, pageLoadStrategy: normal, platformName: windows, proxy: Proxy(), se:cdp: ws://localhost:53965/devtoo..., se:cdpVersion: 149.0.7827.54, setWindowRect: true, strictFileInteractability: false, timeouts: {implicit: 0, pageLoad: 300000, script: 30000}, unhandledPromptBehavior: dismiss and notify, webauthn:extension:credBlob: true, webauthn:extension:largeBlob: true, webauthn:extension:minPinLength: true, webauthn:extension:prf: true, webauthn:virtualAuthenticators: true}&#10;Session ID: c29a6dcef540c68759d140c0fcd5bae8" type="org.openqa.selenium.TimeoutException"><![CDATA[org.openqa.selenium.TimeoutException: 
Expected condition failed: waiting for element to be clickable, but the element was not visible.
(tried for 10 seconds with 500 milliseconds interval)
Build info: version: '4.40.0', revision: 'b3333f1'
System info: os.name: 'Windows 11', os.arch: 'amd64', os.version: '10.0', java.version: '21.0.10'
Driver info: org.openqa.selenium.chrome.ChromeDriver
Capabilities {acceptInsecureCerts: false, browserName: chrome, browserVersion: 149.0.7827.54, chrome: {chromedriverVersion: 149.0.7827.54 (42ce21f112d0..., userDataDir: C:\Users\Av\AppData\Local\T...}, fedcm:accounts: true, goog:chromeOptions: {debuggerAddress: localhost:53965}, goog:processID: 19944, networkConnectionEnabled: false, pageLoadStrategy: normal, platformName: windows, proxy: Proxy(), se:cdp: ws://localhost:53965/devtoo..., se:cdpVersion: 149.0.7827.54, setWindowRect: true, strictFileInteractability: false, timeouts: {implicit: 0, pageLoad: 300000, script: 30000}, unhandledPromptBehavior: dismiss and notify, webauthn:extension:credBlob: true, webauthn:extension:largeBlob: true, webauthn:extension:minPinLength: true, webauthn:extension:prf: true, webauthn:virtualAuthenticators: true}
Session ID: c29a6dcef540c68759d140c0fcd5bae8
	at org.openqa.selenium.support.ui.WebDriverWait.timeoutException(WebDriverWait.java:84)
	at org.openqa.selenium.support.ui.FluentWait.until(FluentWait.java:231)
	at pageScript.UploadAndDownloadPage.ClickOnClosedbtn(UploadAndDownloadPage.java:38)
	at testPackage.TC08_UploadAndDownloadTest.ClickOnClosed(TC08_UploadAndDownloadTest.java:23)
	at java.base/jdk.internal.reflect.DirectMethodHandleAccessor.invoke(DirectMethodHandleAccessor.java:103)
	at java.base/java.lang.reflect.Method.invoke(Method.java:580)
	at org.testng.internal.invokers.MethodInvocationHelper.invokeMethod(MethodInvocationHelper.java:141)
	at org.testng.internal.invokers.TestInvoker.invokeMethod(TestInvoker.java:686)
	at org.testng.internal.invokers.TestInvoker.invokeTestMethod(TestInvoker.java:230)
	at org.testng.internal.invokers.MethodRunner.runInSequence(MethodRunner.java:63)
	at org.testng.internal.invokers.TestInvoker$MethodInvocationAgent.invoke(TestInvoker.java:992)
	at org.testng.internal.invokers.TestInvoker.invokeTestMethods(TestInvoker.java:203)
	at org.testng.internal.invokers.TestMethodWorker.invokeTestMethods(TestMethodWorker.java:154)
	at org.testng.internal.invokers.TestMethodWorker.run(TestMethodWorker.java:134)
	at java.base/java.util.ArrayList.forEach(ArrayList.java:1596)
	at org.testng.TestRunner.privateRun(TestRunner.java:739)
	at org.testng.TestRunner.run(TestRunner.java:614)
	at org.testng.SuiteRunner.runTest(SuiteRunner.java:421)
	at org.testng.SuiteRunner.runSequentially(SuiteRunner.java:413)
	at org.testng.SuiteRunner.privateRun(SuiteRunner.java:373)
	at org.testng.SuiteRunner.run(SuiteRunner.java:312)
	at org.testng.SuiteRunnerWorker.runSuite(SuiteRunnerWorker.java:52)
	at org.testng.SuiteRunnerWorker.run(SuiteRunnerWorker.java:95)
	at org.testng.TestNG.runSuitesSequentially(TestNG.java:1274)
	at org.testng.TestNG.runSuitesLocally(TestNG.java:1208)
	at org.testng.TestNG.runSuites(TestNG.java:1112)
	at org.testng.TestNG.run(TestNG.java:1079)
	at org.apache.maven.surefire.testng.TestNGExecutor.run(TestNGExecutor.java:308)
	at org.apache.maven.surefire.testng.TestNGXmlTestSuite.execute(TestNGXmlTestSuite.java:71)
	at org.apache.maven.surefire.testng.TestNGProvider.invoke(TestNGProvider.java:113)
	at org.apache.maven.surefire.booter.ForkedBooter.runSuitesInProcess(ForkedBooter.java:385)
	at org.apache.maven.surefire.booter.ForkedBooter.execute(ForkedBooter.java:162)
	at org.apache.maven.surefire.booter.ForkedBooter.run(ForkedBooter.java:507)
	at org.apache.maven.surefire.booter.ForkedBooter.main(ForkedBooter.java:495)
]]></failure>
    <system-err><![CDATA[Jun 07, 2026 5:44:08 PM org.openqa.selenium.devtools.CdpVersionFinder findNearestMatch
WARNING: Unable to find CDP implementation matching 149
Jun 07, 2026 5:44:08 PM org.openqa.selenium.chromium.ChromiumDriver lambda$new$4
WARNING: Unable to find version of CDP to use for 149.0.7827.54. You may need to include a dependency on a specific version of the CDP using something similar to `org.seleniumhq.selenium:selenium-devtools-v86:4.40.0` where the version ("v86") matches the version of the chromium-based browser you're using and the version number of the artifact is the same as Selenium's.
]]></system-err>
  </testcase>
  <testcase name="ClickOnPracticebtn" classname="testPackage.TC08_UploadAndDownloadTest" time="7.344"/>
  <testcase name="ClickOnElement" classname="testPackage.TC08_UploadAndDownloadTest" time="0.368"/>
  <testcase name="ClickOnUploadAndDownlaod" classname="testPackage.TC08_UploadAndDownloadTest" time="0.445"/>
  <testcase name="ClickOnSelectFile" classname="testPackage.TC08_UploadAndDownloadTest" time="0.447"/>
  <testcase name="uploadingfile" classname="testPackage.TC08_UploadAndDownloadTest" time="2.683"/>
</testsuite>