<?xml version="1.0" encoding="UTF-8"?>
<testng-results ignored="0" total="42" passed="41" failed="1" skipped="0">
  <reporter-output>
  </reporter-output>
  <suite started-at="2026-06-07T17:39:21 IST" name="Suite" finished-at="2026-06-07T17:44:42 IST" duration-ms="320345">
    <groups>
    </groups>
    <test started-at="2026-06-07T17:39:21 IST" name="LoginTest" finished-at="2026-06-07T17:39:53 IST" duration-ms="31614">
      <class name="testPackage.TC01_LoginTest">
        <test-method is-config="true" signature="getLaunchUrl()[pri:0, instance:testPackage.TC01_LoginTest@6356695f]" started-at="2026-06-07T17:39:21 IST" name="getLaunchUrl" finished-at="2026-06-07T17:39:52 IST" duration-ms="30247" status="PASS">
          <reporter-output>
          </reporter-output>
        </test-method> <!-- getLaunchUrl -->
        <test-method signature="getTitle()[pri:0, instance:testPackage.TC01_LoginTest@6356695f]" started-at="2026-06-07T17:39:52 IST" name="getTitle" finished-at="2026-06-07T17:39:52 IST" duration-ms="46" status="PASS">
          <reporter-output>
          </reporter-output>
        </test-method> <!-- getTitle -->
        <test-method signature="getVerifyTitle()[pri:1, instance:testPackage.TC01_LoginTest@6356695f]" started-at="2026-06-07T17:39:52 IST" name="getVerifyTitle" finished-at="2026-06-07T17:39:52 IST" duration-ms="53" status="PASS">
          <reporter-output>
          </reporter-output>
        </test-method> <!-- getVerifyTitle -->
        <test-method is-config="true" signature="closedBrowser()[pri:0, instance:testPackage.TC01_LoginTest@6356695f]" started-at="2026-06-07T17:39:52 IST" name="closedBrowser" finished-at="2026-06-07T17:39:53 IST" duration-ms="1133" status="PASS">
          <reporter-output>
          </reporter-output>
        </test-method> <!-- closedBrowser -->
      </class> <!-- testPackage.TC01_LoginTest -->
    </test> <!-- LoginTest -->
    <test started-at="2026-06-07T17:39:53 IST" name="TextBoxTest" finished-at="2026-06-07T17:40:22 IST" duration-ms="28579">
      <class name="testPackage.TC02_TextBoxTest">
        <test-method is-config="true" signature="getlaunchUrl()[pri:0, instance:testPackage.TC02_TextBoxTest@1bd4fdd]" started-at="2026-06-07T17:39:53 IST" name="getlaunchUrl" finished-at="2026-06-07T17:40:04 IST" duration-ms="11231" status="PASS">
          <reporter-output>
          </reporter-output>
        </test-method> <!-- getlaunchUrl -->
        <test-method signature="ClickOnClosed()[pri:0, instance:testPackage.TC02_TextBoxTest@1bd4fdd]" started-at="2026-06-07T17:40:04 IST" name="ClickOnClosed" finished-at="2026-06-07T17:40:05 IST" duration-ms="339" status="PASS">
          <reporter-output>
          </reporter-output>
        </test-method> <!-- ClickOnClosed -->
        <test-method signature="ClickOnPracticebtn()[pri:1, instance:testPackage.TC02_TextBoxTest@1bd4fdd]" started-at="2026-06-07T17:40:05 IST" name="ClickOnPracticebtn" finished-at="2026-06-07T17:40:08 IST" duration-ms="3548" status="PASS">
          <reporter-output>
          </reporter-output>
        </test-method> <!-- ClickOnPracticebtn -->
        <test-method signature="ClickOnElement()[pri:2, instance:testPackage.TC02_TextBoxTest@1bd4fdd]" started-at="2026-06-07T17:40:08 IST" name="ClickOnElement" finished-at="2026-06-07T17:40:09 IST" duration-ms="414" status="PASS">
          <reporter-output>
          </reporter-output>
        </test-method> <!-- ClickOnElement -->
        <test-method signature="ClickOnTextBox()[pri:3, instance:testPackage.TC02_TextBoxTest@1bd4fdd]" started-at="2026-06-07T17:40:09 IST" name="ClickOnTextBox" finished-at="2026-06-07T17:40:09 IST" duration-ms="379" status="PASS">
          <reporter-output>
          </reporter-output>
        </test-method> <!-- ClickOnTextBox -->
        <test-method signature="getSendDetailTextbox()[pri:4, instance:testPackage.TC02_TextBoxTest@1bd4fdd]" started-at="2026-06-07T17:40:09 IST" name="getSendDetailTextbox" finished-at="2026-06-07T17:40:15 IST" duration-ms="5566" status="PASS">
          <reporter-output>
          </reporter-output>
        </test-method> <!-- getSendDetailTextbox -->
        <test-method signature="getdetailOftextbox()[pri:5, instance:testPackage.TC02_TextBoxTest@1bd4fdd]" started-at="2026-06-07T17:40:15 IST" name="getdetailOftextbox" finished-at="2026-06-07T17:40:15 IST" duration-ms="801" status="PASS">
          <reporter-output>
          </reporter-output>
        </test-method> <!-- getdetailOftextbox -->
        <test-method is-config="true" signature="closedBrowser()[pri:0, instance:testPackage.TC02_TextBoxTest@1bd4fdd]" started-at="2026-06-07T17:40:15 IST" name="closedBrowser" finished-at="2026-06-07T17:40:22 IST" duration-ms="6208" status="PASS">
          <reporter-output>
          </reporter-output>
        </test-method> <!-- closedBrowser -->
      </class> <!-- testPackage.TC02_TextBoxTest -->
    </test> <!-- TextBoxTest -->
    <test started-at="2026-06-07T17:40:22 IST" name="CheckBoxTest" finished-at="2026-06-07T17:41:29 IST" duration-ms="67828">
      <class name="testPackage.TC03_CheckBoxTest">
        <test-method is-config="true" signature="getLaunchUrl()[pri:0, instance:testPackage.TC03_CheckBoxTest@130d63be]" started-at="2026-06-07T17:40:22 IST" name="getLaunchUrl" finished-at="2026-06-07T17:40:40 IST" duration-ms="18788" status="PASS">
          <reporter-output>
          </reporter-output>
        </test-method> <!-- getLaunchUrl -->
        <test-method signature="ClickOnClosed()[pri:0, instance:testPackage.TC03_CheckBoxTest@130d63be]" started-at="2026-06-07T17:40:40 IST" name="ClickOnClosed" finished-at="2026-06-07T17:40:41 IST" duration-ms="258" status="PASS">
          <reporter-output>
          </reporter-output>
        </test-method> <!-- ClickOnClosed -->
        <test-method signature="ClickOnPracticebtn()[pri:1, instance:testPackage.TC03_CheckBoxTest@130d63be]" started-at="2026-06-07T17:40:41 IST" name="ClickOnPracticebtn" finished-at="2026-06-07T17:41:25 IST" duration-ms="44720" status="PASS">
          <reporter-output>
          </reporter-output>
        </test-method> <!-- ClickOnPracticebtn -->
        <test-method signature="ClickOnElement()[pri:2, instance:testPackage.TC03_CheckBoxTest@130d63be]" started-at="2026-06-07T17:41:25 IST" name="ClickOnElement" finished-at="2026-06-07T17:41:26 IST" duration-ms="339" status="PASS">
          <reporter-output>
          </reporter-output>
        </test-method> <!-- ClickOnElement -->
        <test-method signature="ClickOnCheckbox()[pri:3, instance:testPackage.TC03_CheckBoxTest@130d63be]" started-at="2026-06-07T17:41:26 IST" name="ClickOnCheckbox" finished-at="2026-06-07T17:41:26 IST" duration-ms="428" status="PASS">
          <reporter-output>
          </reporter-output>
        </test-method> <!-- ClickOnCheckbox -->
        <test-method signature="ClickonAllCheckbox()[pri:4, instance:testPackage.TC03_CheckBoxTest@130d63be]" started-at="2026-06-07T17:41:26 IST" name="ClickonAllCheckbox" finished-at="2026-06-07T17:41:28 IST" duration-ms="2085" status="PASS">
          <reporter-output>
          </reporter-output>
        </test-method> <!-- ClickonAllCheckbox -->
        <test-method is-config="true" signature="closedBrowser()[pri:0, instance:testPackage.TC03_CheckBoxTest@130d63be]" started-at="2026-06-07T17:41:28 IST" name="closedBrowser" finished-at="2026-06-07T17:41:29 IST" duration-ms="1152" status="PASS">
          <reporter-output>
          </reporter-output>
        </test-method> <!-- closedBrowser -->
      </class> <!-- testPackage.TC03_CheckBoxTest -->
    </test> <!-- CheckBoxTest -->
    <test started-at="2026-06-07T17:41:29 IST" name="RadioButtonTest" finished-at="2026-06-07T17:42:03 IST" duration-ms="33514">
      <class name="testPackage.TC04_RadioButtonTest">
        <test-method is-config="true" signature="getLaunchUrl()[pri:0, instance:testPackage.TC04_RadioButtonTest@f6efaab]" started-at="2026-06-07T17:41:29 IST" name="getLaunchUrl" finished-at="2026-06-07T17:41:54 IST" duration-ms="24259" status="PASS">
          <reporter-output>
          </reporter-output>
        </test-method> <!-- getLaunchUrl -->
        <test-method signature="ClickOnClosed()[pri:0, instance:testPackage.TC04_RadioButtonTest@f6efaab]" started-at="2026-06-07T17:41:54 IST" name="ClickOnClosed" finished-at="2026-06-07T17:41:54 IST" duration-ms="169" status="PASS">
          <reporter-output>
          </reporter-output>
        </test-method> <!-- ClickOnClosed -->
        <test-method signature="ClickOnPracticebtn()[pri:1, instance:testPackage.TC04_RadioButtonTest@f6efaab]" started-at="2026-06-07T17:41:54 IST" name="ClickOnPracticebtn" finished-at="2026-06-07T17:42:00 IST" duration-ms="6195" status="PASS">
          <reporter-output>
          </reporter-output>
        </test-method> <!-- ClickOnPracticebtn -->
        <test-method signature="ClickOnElement()[pri:2, instance:testPackage.TC04_RadioButtonTest@f6efaab]" started-at="2026-06-07T17:42:00 IST" name="ClickOnElement" finished-at="2026-06-07T17:42:01 IST" duration-ms="433" status="PASS">
          <reporter-output>
          </reporter-output>
        </test-method> <!-- ClickOnElement -->
        <test-method signature="ClickOnRadioButtons()[pri:3, instance:testPackage.TC04_RadioButtonTest@f6efaab]" started-at="2026-06-07T17:42:01 IST" name="ClickOnRadioButtons" finished-at="2026-06-07T17:42:01 IST" duration-ms="437" status="PASS">
          <reporter-output>
          </reporter-output>
        </test-method> <!-- ClickOnRadioButtons -->
        <test-method signature="ClickOnAllRadioButton()[pri:4, instance:testPackage.TC04_RadioButtonTest@f6efaab]" started-at="2026-06-07T17:42:01 IST" name="ClickOnAllRadioButton" finished-at="2026-06-07T17:42:02 IST" duration-ms="1268" status="PASS">
          <reporter-output>
          </reporter-output>
        </test-method> <!-- ClickOnAllRadioButton -->
        <test-method is-config="true" signature="closedBrowser()[pri:0, instance:testPackage.TC04_RadioButtonTest@f6efaab]" started-at="2026-06-07T17:42:02 IST" name="closedBrowser" finished-at="2026-06-07T17:42:03 IST" duration-ms="733" status="PASS">
          <reporter-output>
          </reporter-output>
        </test-method> <!-- closedBrowser -->
      </class> <!-- testPackage.TC04_RadioButtonTest -->
    </test> <!-- RadioButtonTest -->
    <test started-at="2026-06-07T17:42:03 IST" name="WebTableTest" finished-at="2026-06-07T17:42:47 IST" duration-ms="43632">
      <class name="testPackage.TC05_WebTableTest">
        <test-method is-config="true" signature="getLaunchUrl()[pri:0, instance:testPackage.TC05_WebTableTest@55b699ef]" started-at="2026-06-07T17:42:03 IST" name="getLaunchUrl" finished-at="2026-06-07T17:42:17 IST" duration-ms="14155" status="PASS">
          <reporter-output>
          </reporter-output>
        </test-method> <!-- getLaunchUrl -->
        <test-method signature="ClickOnClosed()[pri:0, instance:testPackage.TC05_WebTableTest@55b699ef]" started-at="2026-06-07T17:42:17 IST" name="ClickOnClosed" finished-at="2026-06-07T17:42:18 IST" duration-ms="412" status="PASS">
          <reporter-output>
          </reporter-output>
        </test-method> <!-- ClickOnClosed -->
        <test-method signature="ClickOnPracticebtn()[pri:1, instance:testPackage.TC05_WebTableTest@55b699ef]" started-at="2026-06-07T17:42:18 IST" name="ClickOnPracticebtn" finished-at="2026-06-07T17:42:27 IST" duration-ms="9109" status="PASS">
          <reporter-output>
          </reporter-output>
        </test-method> <!-- ClickOnPracticebtn -->
        <test-method signature="ClickOnElement()[pri:2, instance:testPackage.TC05_WebTableTest@55b699ef]" started-at="2026-06-07T17:42:27 IST" name="ClickOnElement" finished-at="2026-06-07T17:42:27 IST" duration-ms="346" status="PASS">
          <reporter-output>
          </reporter-output>
        </test-method> <!-- ClickOnElement -->
        <test-method signature="ClickOnWebTable()[pri:3, instance:testPackage.TC05_WebTableTest@55b699ef]" started-at="2026-06-07T17:42:27 IST" name="ClickOnWebTable" finished-at="2026-06-07T17:42:28 IST" duration-ms="573" status="PASS">
          <reporter-output>
          </reporter-output>
        </test-method> <!-- ClickOnWebTable -->
        <test-method signature="getfilldetail()[pri:4, instance:testPackage.TC05_WebTableTest@55b699ef]" started-at="2026-06-07T17:42:28 IST" name="getfilldetail" finished-at="2026-06-07T17:42:36 IST" duration-ms="8043" status="PASS">
          <reporter-output>
          </reporter-output>
        </test-method> <!-- getfilldetail -->
        <test-method signature="getUpdate()[pri:5, instance:testPackage.TC05_WebTableTest@55b699ef]" started-at="2026-06-07T17:42:36 IST" name="getUpdate" finished-at="2026-06-07T17:42:45 IST" duration-ms="9233" status="PASS">
          <reporter-output>
          </reporter-output>
        </test-method> <!-- getUpdate -->
        <test-method signature="getUpdated_data()[pri:6, instance:testPackage.TC05_WebTableTest@55b699ef]" started-at="2026-06-07T17:42:45 IST" name="getUpdated_data" finished-at="2026-06-07T17:42:46 IST" duration-ms="980" status="PASS">
          <reporter-output>
          </reporter-output>
        </test-method> <!-- getUpdated_data -->
        <test-method is-config="true" signature="closedBrowser()[pri:0, instance:testPackage.TC05_WebTableTest@55b699ef]" started-at="2026-06-07T17:42:46 IST" name="closedBrowser" finished-at="2026-06-07T17:42:47 IST" duration-ms="737" status="PASS">
          <reporter-output>
          </reporter-output>
        </test-method> <!-- closedBrowser -->
      </class> <!-- testPackage.TC05_WebTableTest -->
    </test> <!-- WebTableTest -->
    <test started-at="2026-06-07T17:42:47 IST" name="ButtonsTest" finished-at="2026-06-07T17:43:29 IST" duration-ms="42194">
      <class name="testPackage.TC06_ButtonsTest">
        <test-method is-config="true" signature="getLaunchUrl()[pri:0, instance:testPackage.TC06_ButtonsTest@145f66e3]" started-at="2026-06-07T17:42:47 IST" name="getLaunchUrl" finished-at="2026-06-07T17:43:07 IST" duration-ms="20236" status="PASS">
          <reporter-output>
          </reporter-output>
        </test-method> <!-- getLaunchUrl -->
        <test-method signature="ClickOnClosed()[pri:0, instance:testPackage.TC06_ButtonsTest@145f66e3]" started-at="2026-06-07T17:43:07 IST" name="ClickOnClosed" finished-at="2026-06-07T17:43:07 IST" duration-ms="180" status="PASS">
          <reporter-output>
          </reporter-output>
        </test-method> <!-- ClickOnClosed -->
        <test-method signature="ClickOnPracticebtn()[pri:1, instance:testPackage.TC06_ButtonsTest@145f66e3]" started-at="2026-06-07T17:43:07 IST" name="ClickOnPracticebtn" finished-at="2026-06-07T17:43:26 IST" duration-ms="19388" status="PASS">
          <reporter-output>
          </reporter-output>
        </test-method> <!-- ClickOnPracticebtn -->
        <test-method signature="ClickOnElement()[pri:2, instance:testPackage.TC06_ButtonsTest@145f66e3]" started-at="2026-06-07T17:43:26 IST" name="ClickOnElement" finished-at="2026-06-07T17:43:27 IST" duration-ms="223" status="PASS">
          <reporter-output>
          </reporter-output>
        </test-method> <!-- ClickOnElement -->
        <test-method signature="ClickOnButton()[pri:3, instance:testPackage.TC06_ButtonsTest@145f66e3]" started-at="2026-06-07T17:43:27 IST" name="ClickOnButton" finished-at="2026-06-07T17:43:27 IST" duration-ms="465" status="PASS">
          <reporter-output>
          </reporter-output>
        </test-method> <!-- ClickOnButton -->
        <test-method signature="ClickOnAllbutton()[pri:4, instance:testPackage.TC06_ButtonsTest@145f66e3]" started-at="2026-06-07T17:43:27 IST" name="ClickOnAllbutton" finished-at="2026-06-07T17:43:28 IST" duration-ms="825" status="PASS">
          <reporter-output>
          </reporter-output>
        </test-method> <!-- ClickOnAllbutton -->
        <test-method is-config="true" signature="closedBrowser()[pri:0, instance:testPackage.TC06_ButtonsTest@145f66e3]" started-at="2026-06-07T17:43:28 IST" name="closedBrowser" finished-at="2026-06-07T17:43:29 IST" duration-ms="866" status="PASS">
          <reporter-output>
          </reporter-output>
        </test-method> <!-- closedBrowser -->
      </class> <!-- testPackage.TC06_ButtonsTest -->
    </test> <!-- ButtonsTest -->
    <test started-at="2026-06-07T17:43:29 IST" name="LinkTest" finished-at="2026-06-07T17:44:05 IST" duration-ms="36141">
      <class name="testPackage.TC07_LinkTest">
        <test-method is-config="true" signature="getLaunchUrl()[pri:0, instance:testPackage.TC07_LinkTest@31304f14]" started-at="2026-06-07T17:43:29 IST" name="getLaunchUrl" finished-at="2026-06-07T17:43:50 IST" duration-ms="21444" status="PASS">
          <reporter-output>
          </reporter-output>
        </test-method> <!-- getLaunchUrl -->
        <test-method signature="ClickOnClosed()[pri:0, instance:testPackage.TC07_LinkTest@31304f14]" started-at="2026-06-07T17:43:50 IST" name="ClickOnClosed" finished-at="2026-06-07T17:43:50 IST" duration-ms="193" status="PASS">
          <reporter-output>
          </reporter-output>
        </test-method> <!-- ClickOnClosed -->
        <test-method signature="ClickOnPracticebtn()[pri:1, instance:testPackage.TC07_LinkTest@31304f14]" started-at="2026-06-07T17:43:50 IST" name="ClickOnPracticebtn" finished-at="2026-06-07T17:43:58 IST" duration-ms="7254" status="PASS">
          <reporter-output>
          </reporter-output>
        </test-method> <!-- ClickOnPracticebtn -->
        <test-method signature="ClickOnElement()[pri:2, instance:testPackage.TC07_LinkTest@31304f14]" started-at="2026-06-07T17:43:58 IST" name="ClickOnElement" finished-at="2026-06-07T17:43:58 IST" duration-ms="240" status="PASS">
          <reporter-output>
          </reporter-output>
        </test-method> <!-- ClickOnElement -->
        <test-method signature="ClickOnLinks()[pri:3, instance:testPackage.TC07_LinkTest@31304f14]" started-at="2026-06-07T17:43:58 IST" name="ClickOnLinks" finished-at="2026-06-07T17:43:58 IST" duration-ms="417" status="PASS">
          <reporter-output>
          </reporter-output>
        </test-method> <!-- ClickOnLinks -->
        <test-method signature="ClickOnBrowserbtn()[pri:4, instance:testPackage.TC07_LinkTest@31304f14]" started-at="2026-06-07T17:43:58 IST" name="ClickOnBrowserbtn" finished-at="2026-06-07T17:44:01 IST" duration-ms="2488" status="PASS">
          <reporter-output>
          </reporter-output>
        </test-method> <!-- ClickOnBrowserbtn -->
        <test-method signature="ClickOnAllLinks()[pri:5, instance:testPackage.TC07_LinkTest@31304f14]" started-at="2026-06-07T17:44:01 IST" name="ClickOnAllLinks" finished-at="2026-06-07T17:44:04 IST" duration-ms="2930" status="PASS">
          <reporter-output>
          </reporter-output>
        </test-method> <!-- ClickOnAllLinks -->
        <test-method is-config="true" signature="closedBrowser()[pri:0, instance:testPackage.TC07_LinkTest@31304f14]" started-at="2026-06-07T17:44:04 IST" name="closedBrowser" finished-at="2026-06-07T17:44:05 IST" duration-ms="1138" status="PASS">
          <reporter-output>
          </reporter-output>
        </test-method> <!-- closedBrowser -->
      </class> <!-- testPackage.TC07_LinkTest -->
    </test> <!-- LinkTest -->
    <test started-at="2026-06-07T17:44:05 IST" name="UploadAndDownload" finished-at="2026-06-07T17:44:42 IST" duration-ms="36724">
      <class name="testPackage.TC08_UploadAndDownloadTest">
        <test-method is-config="true" signature="getLaunchUrl()[pri:0, instance:testPackage.TC08_UploadAndDownloadTest@7cc0cdad]" started-at="2026-06-07T17:44:05 IST" name="getLaunchUrl" finished-at="2026-06-07T17:44:19 IST" duration-ms="14046" status="PASS">
          <reporter-output>
          </reporter-output>
        </test-method> <!-- getLaunchUrl -->
        <test-method signature="ClickOnClosed()[pri:0, instance:testPackage.TC08_UploadAndDownloadTest@7cc0cdad]" started-at="2026-06-07T17:44:19 IST" name="ClickOnClosed" finished-at="2026-06-07T17:44:29 IST" duration-ms="10393" status="FAIL">
          <exception class="org.openqa.selenium.TimeoutException">
            <message>
              <![CDATA[Expected condition failed: waiting for element to be clickable, but the element was not visible.
(tried for 10 seconds with 500 milliseconds interval)
Build info: version: '4.40.0', revision: 'b3333f1'
System info: os.name: 'Windows 11', os.arch: 'amd64', os.version: '10.0', java.version: '21.0.10'
Driver info: org.openqa.selenium.chrome.ChromeDriver
Capabilities {acceptInsecureCerts: false, browserName: chrome, browserVersion: 149.0.7827.54, chrome: {chromedriverVersion: 149.0.7827.54 (42ce21f112d0..., userDataDir: C:\Users\Av\AppData\Local\T...}, fedcm:accounts: true, goog:chromeOptions: {debuggerAddress: localhost:53965}, goog:processID: 19944, networkConnectionEnabled: false, pageLoadStrategy: normal, platformName: windows, proxy: Proxy(), se:cdp: ws://localhost:53965/devtoo..., se:cdpVersion: 149.0.7827.54, setWindowRect: true, strictFileInteractability: false, timeouts: {implicit: 0, pageLoad: 300000, script: 30000}, unhandledPromptBehavior: dismiss and notify, webauthn:extension:credBlob: true, webauthn:extension:largeBlob: true, webauthn:extension:minPinLength: true, webauthn:extension:prf: true, webauthn:virtualAuthenticators: true}
Session ID: c29a6dcef540c68759d140c0fcd5bae8]]>
            </message>
            <full-stacktrace>
              <![CDATA[org.openqa.selenium.TimeoutException: Expected condition failed: waiting for element to be clickable, but the element was not visible.
(tried for 10 seconds with 500 milliseconds interval)
Build info: version: '4.40.0', revision: 'b3333f1'
System info: os.name: 'Windows 11', os.arch: 'amd64', os.version: '10.0', java.version: '21.0.10'
Driver info: org.openqa.selenium.chrome.ChromeDriver
Capabilities {acceptInsecureCerts: false, browserName: chrome, browserVersion: 149.0.7827.54, chrome: {chromedriverVersion: 149.0.7827.54 (42ce21f112d0..., userDataDir: C:\Users\Av\AppData\Local\T...}, fedcm:accounts: true, goog:chromeOptions: {debuggerAddress: localhost:53965}, goog:processID: 19944, networkConnectionEnabled: false, pageLoadStrategy: normal, platformName: windows, proxy: Proxy(), se:cdp: ws://localhost:53965/devtoo..., se:cdpVersion: 149.0.7827.54, setWindowRect: true, strictFileInteractability: false, timeouts: {implicit: 0, pageLoad: 300000, script: 30000}, unhandledPromptBehavior: dismiss and notify, webauthn:extension:credBlob: true, webauthn:extension:largeBlob: true, webauthn:extension:minPinLength: true, webauthn:extension:prf: true, webauthn:virtualAuthenticators: true}
Session ID: c29a6dcef540c68759d140c0fcd5bae8
at org.openqa.selenium.support.ui.WebDriverWait.timeoutException(WebDriverWait.java:84)
at org.openqa.selenium.support.ui.FluentWait.until(FluentWait.java:231)
at pageScript.UploadAndDownloadPage.ClickOnClosedbtn(UploadAndDownloadPage.java:38)
at testPackage.TC08_UploadAndDownloadTest.ClickOnClosed(TC08_UploadAndDownloadTest.java:23)
at java.base/jdk.internal.reflect.DirectMethodHandleAccessor.invoke(DirectMethodHandleAccessor.java:103)
at java.base/java.lang.reflect.Method.invoke(Method.java:580)
at org.testng.internal.invokers.MethodInvocationHelper.invokeMethod(MethodInvocationHelper.java:141)
at org.testng.internal.invokers.TestInvoker.invokeMethod(TestInvoker.java:686)
at org.testng.internal.invokers.TestInvoker.invokeTestMethod(TestInvoker.java:230)
at org.testng.internal.invokers.MethodRunner.runInSequence(MethodRunner.java:63)
at org.testng.internal.invokers.TestInvoker$MethodInvocationAgent.invoke(TestInvoker.java:992)
at org.testng.internal.invokers.TestInvoker.invokeTestMethods(TestInvoker.java:203)
at org.testng.internal.invokers.TestMethodWorker.invokeTestMethods(TestMethodWorker.java:154)
at org.testng.internal.invokers.TestMethodWorker.run(TestMethodWorker.java:134)
at java.base/java.util.ArrayList.forEach(ArrayList.java:1596)
at org.testng.TestRunner.privateRun(TestRunner.java:739)
at org.testng.TestRunner.run(TestRunner.java:614)
at org.testng.SuiteRunner.runTest(SuiteRunner.java:421)
at org.testng.SuiteRunner.runSequentially(SuiteRunner.java:413)
at org.testng.SuiteRunner.privateRun(SuiteRunner.java:373)
at org.testng.SuiteRunner.run(SuiteRunner.java:312)
at org.testng.SuiteRunnerWorker.runSuite(SuiteRunnerWorker.java:52)
at org.testng.SuiteRunnerWorker.run(SuiteRunnerWorker.java:95)
at org.testng.TestNG.runSuitesSequentially(TestNG.java:1274)
at org.testng.TestNG.runSuitesLocally(TestNG.java:1208)
at org.testng.TestNG.runSuites(TestNG.java:1112)
at org.testng.TestNG.run(TestNG.java:1079)
at org.apache.maven.surefire.testng.TestNGExecutor.run(TestNGExecutor.java:308)
at org.apache.maven.surefire.testng.TestNGXmlTestSuite.execute(TestNGXmlTestSuite.java:71)
at org.apache.maven.surefire.testng.TestNGProvider.invoke(TestNGProvider.java:113)
at org.apache.maven.surefire.booter.ForkedBooter.runSuitesInProcess(ForkedBooter.java:385)
at org.apache.maven.surefire.booter.ForkedBooter.execute(ForkedBooter.java:162)
at org.apache.maven.surefire.booter.ForkedBooter.run(ForkedBooter.java:507)
at org.apache.maven.surefire.booter.ForkedBooter.main(ForkedBooter.java:495)
]]>
            </full-stacktrace>
          </exception> <!-- org.openqa.selenium.TimeoutException -->
          <reporter-output>
          </reporter-output>
        </test-method> <!-- ClickOnClosed -->
        <test-method signature="ClickOnPracticebtn()[pri:1, instance:testPackage.TC08_UploadAndDownloadTest@7cc0cdad]" started-at="2026-06-07T17:44:29 IST" name="ClickOnPracticebtn" finished-at="2026-06-07T17:44:37 IST" duration-ms="7346" status="PASS">
          <reporter-output>
          </reporter-output>
        </test-method> <!-- ClickOnPracticebtn -->
        <test-method signature="ClickOnElement()[pri:2, instance:testPackage.TC08_UploadAndDownloadTest@7cc0cdad]" started-at="2026-06-07T17:44:37 IST" name="ClickOnElement" finished-at="2026-06-07T17:44:37 IST" duration-ms="319" status="PASS">
          <reporter-output>
          </reporter-output>
        </test-method> <!-- ClickOnElement -->
        <test-method signature="ClickOnUploadAndDownlaod()[pri:3, instance:testPackage.TC08_UploadAndDownloadTest@7cc0cdad]" started-at="2026-06-07T17:44:37 IST" name="ClickOnUploadAndDownlaod" finished-at="2026-06-07T17:44:38 IST" duration-ms="515" status="PASS">
          <reporter-output>
          </reporter-output>
        </test-method> <!-- ClickOnUploadAndDownlaod -->
        <test-method signature="ClickOnSelectFile()[pri:4, instance:testPackage.TC08_UploadAndDownloadTest@7cc0cdad]" started-at="2026-06-07T17:44:38 IST" name="ClickOnSelectFile" finished-at="2026-06-07T17:44:38 IST" duration-ms="447" status="PASS">
          <reporter-output>
          </reporter-output>
        </test-method> <!-- ClickOnSelectFile -->
        <test-method signature="uploadingfile()[pri:5, instance:testPackage.TC08_UploadAndDownloadTest@7cc0cdad]" started-at="2026-06-07T17:44:38 IST" name="uploadingfile" finished-at="2026-06-07T17:44:41 IST" duration-ms="2693" status="PASS">
          <reporter-output>
          </reporter-output>
        </test-method> <!-- uploadingfile -->
        <test-method is-config="true" signature="closedBrowser()[pri:0, instance:testPackage.TC08_UploadAndDownloadTest@7cc0cdad]" started-at="2026-06-07T17:44:41 IST" name="closedBrowser" finished-at="2026-06-07T17:44:42 IST" duration-ms="887" status="PASS">
          <reporter-output>
          </reporter-output>
        </test-method> <!-- closedBrowser -->
      </class> <!-- testPackage.TC08_UploadAndDownloadTest -->
    </test> <!-- UploadAndDownload -->
  </suite> <!-- Suite -->
</testng-results>
