<?xml version="1.0" encoding="UTF-8"?>
<testsuite xmlns:xsi="http://www.w3.org/2001/XMLSchema-instance" xsi:noNamespaceSchemaLocation="https://maven.apache.org/surefire/maven-surefire-plugin/xsd/surefire-test-report.xsd" version="3.0.2" name="TestSuite" time="160.788" tests="36" errors="0" skipped="0" failures="0">
  <properties>
[...]
</properties>
  <testcase name="getTitle" classname="testPackage.TC01_LoginTest" time="0.044">
    <system-out><![CDATA[Testing Baba
]]></system-out>
    <system-err><![CDATA[SLF4J: Failed to load class "org.slf4j.impl.StaticLoggerBinder".
SLF4J: Defaulting to no-operation (NOP) logger implementation
SLF4J: See http://www.slf4j.org/codes.html#StaticLoggerBinder for further details.
May 25, 2026 11:06:22 PM org.openqa.selenium.devtools.CdpVersionFinder findNearestMatch
WARNING: Unable to find CDP implementation matching 149
May 25, 2026 11:06:22 PM org.openqa.selenium.chromium.ChromiumDriver lambda$new$4
WARNING: Unable to find version of CDP to use for 149.0.7827.22. You may need to include a dependency on a specific version of the CDP using something similar to `org.seleniumhq.selenium:selenium-devtools-v86:4.40.0` where the version ("v86") matches the version of the chromium-based browser you're using and the version number of the artifact is the same as Selenium's.
]]></system-err>
  </testcase>
  <testcase name="getVerifyTitle" classname="testPackage.TC01_LoginTest" time="0.145"/>
  <testcase name="ClickOnClosed" classname="testPackage.TC02_TextBoxTest" time="0.224">
    <system-err><![CDATA[May 25, 2026 11:06:30 PM org.openqa.selenium.devtools.CdpVersionFinder findNearestMatch
WARNING: Unable to find CDP implementation matching 149
May 25, 2026 11:06:30 PM org.openqa.selenium.chromium.ChromiumDriver lambda$new$4
WARNING: Unable to find version of CDP to use for 149.0.7827.22. You may need to include a dependency on a specific version of the CDP using something similar to `org.seleniumhq.selenium:selenium-devtools-v86:4.40.0` where the version ("v86") matches the version of the chromium-based browser you're using and the version number of the artifact is the same as Selenium's.
]]></system-err>
  </testcase>
  <testcase name="ClickOnPracticebtn" classname="testPackage.TC02_TextBoxTest" time="2.465"/>
  <testcase name="ClickOnElement" classname="testPackage.TC02_TextBoxTest" time="0.352"/>
  <testcase name="ClickOnTextBox" classname="testPackage.TC02_TextBoxTest" time="0.441"/>
  <testcase name="getSendDetailTextbox" classname="testPackage.TC02_TextBoxTest" time="6.494">
    <system-err><![CDATA[ERROR StatusLogger Log4j2 could not find a logging implementation. Please add log4j-core to the classpath. Using SimpleLogger to log to the console...
]]></system-err>
  </testcase>
  <testcase name="getdetailOftextbox" classname="testPackage.TC02_TextBoxTest" time="0.998">
    <system-out><![CDATA[Mukesh Kumar
mukeshcs54@gmail.com
Bulding no 145 Block H Secort 63 Noida
Bulding no 160 Block A Sector 62 Noida
]]></system-out>
  </testcase>
  <testcase name="ClickOnClosed" classname="testPackage.TC03_CheckBoxTest" time="0.441">
    <system-err><![CDATA[May 25, 2026 11:06:49 PM org.openqa.selenium.devtools.CdpVersionFinder findNearestMatch
WARNING: Unable to find CDP implementation matching 149
May 25, 2026 11:06:49 PM org.openqa.selenium.chromium.ChromiumDriver lambda$new$4
WARNING: Unable to find version of CDP to use for 149.0.7827.22. You may need to include a dependency on a specific version of the CDP using something similar to `org.seleniumhq.selenium:selenium-devtools-v86:4.40.0` where the version ("v86") matches the version of the chromium-based browser you're using and the version number of the artifact is the same as Selenium's.
]]></system-err>
  </testcase>
  <testcase name="ClickOnPracticebtn" classname="testPackage.TC03_CheckBoxTest" time="2.577"/>
  <testcase name="ClickOnElement" classname="testPackage.TC03_CheckBoxTest" time="0.298"/>
  <testcase name="ClickOnCheckbox" classname="testPackage.TC03_CheckBoxTest" time="0.582"/>
  <testcase name="ClickonAllCheckbox" classname="testPackage.TC03_CheckBoxTest" time="1.427"/>
  <testcase name="ClickOnClosed" classname="testPackage.TC04_RadioButtonTest" time="0.23">
    <system-err><![CDATA[May 25, 2026 11:07:04 PM org.openqa.selenium.devtools.CdpVersionFinder findNearestMatch
WARNING: Unable to find CDP implementation matching 149
May 25, 2026 11:07:04 PM org.openqa.selenium.chromium.ChromiumDriver lambda$new$4
WARNING: Unable to find version of CDP to use for 149.0.7827.22. You may need to include a dependency on a specific version of the CDP using something similar to `org.seleniumhq.selenium:selenium-devtools-v86:4.40.0` where the version ("v86") matches the version of the chromium-based browser you're using and the version number of the artifact is the same as Selenium's.
]]></system-err>
  </testcase>
  <testcase name="ClickOnPracticebtn" classname="testPackage.TC04_RadioButtonTest" time="2.58"/>
  <testcase name="ClickOnElement" classname="testPackage.TC04_RadioButtonTest" time="0.313"/>
  <testcase name="ClickOnRadioButtons" classname="testPackage.TC04_RadioButtonTest" time="0.443"/>
  <testcase name="ClickOnAllRadioButton" classname="testPackage.TC04_RadioButtonTest" time="0.837"/>
  <testcase name="ClickOnClosed" classname="testPackage.TC05_WebTableTest" time="0.998">
    <system-err><![CDATA[May 25, 2026 11:07:16 PM org.openqa.selenium.devtools.CdpVersionFinder findNearestMatch
WARNING: Unable to find CDP implementation matching 149
May 25, 2026 11:07:16 PM org.openqa.selenium.chromium.ChromiumDriver lambda$new$4
WARNING: Unable to find version of CDP to use for 149.0.7827.22. You may need to include a dependency on a specific version of the CDP using something similar to `org.seleniumhq.selenium:selenium-devtools-v86:4.40.0` where the version ("v86") matches the version of the chromium-based browser you're using and the version number of the artifact is the same as Selenium's.
]]></system-err>
  </testcase>
  <testcase name="ClickOnPracticebtn" classname="testPackage.TC05_WebTableTest" time="3.295"/>
  <testcase name="ClickOnElement" classname="testPackage.TC05_WebTableTest" time="1.083"/>
  <testcase name="ClickOnWebTable" classname="testPackage.TC05_WebTableTest" time="1.381"/>
  <testcase name="getfilldetail" classname="testPackage.TC05_WebTableTest" time="24.604"/>
  <testcase name="getUpdate" classname="testPackage.TC05_WebTableTest" time="21.913"/>
  <testcase name="getUpdated_data" classname="testPackage.TC05_WebTableTest" time="1.728">
    <system-out><![CDATA[Raj Aryan
Rahul Bhatt
Rishikant Arya
Mukesh Kumar
Rohit Kashayp
Raajos09@gmail.com
rahul023@gmail.com
Rishikant2026@gmail.com
Mukeshcs54@gmail.com
Rohitcs08@gmail.com
]]></system-out>
  </testcase>
  <testcase name="ClickOnClosed" classname="testPackage.TC06_ButtonsTest" time="0.311">
    <system-err><![CDATA[May 25, 2026 11:08:21 PM org.openqa.selenium.devtools.CdpVersionFinder findNearestMatch
WARNING: Unable to find CDP implementation matching 149
May 25, 2026 11:08:21 PM org.openqa.selenium.chromium.ChromiumDriver lambda$new$4
WARNING: Unable to find version of CDP to use for 149.0.7827.22. You may need to include a dependency on a specific version of the CDP using something similar to `org.seleniumhq.selenium:selenium-devtools-v86:4.40.0` where the version ("v86") matches the version of the chromium-based browser you're using and the version number of the artifact is the same as Selenium's.
]]></system-err>
  </testcase>
  <testcase name="ClickOnPracticebtn" classname="testPackage.TC06_ButtonsTest" time="3.074"/>
  <testcase name="ClickOnElement" classname="testPackage.TC06_ButtonsTest" time="0.333"/>
  <testcase name="ClickOnButton" classname="testPackage.TC06_ButtonsTest" time="0.671"/>
  <testcase name="ClickOnAllbutton" classname="testPackage.TC06_ButtonsTest" time="1.125"/>
  <testcase name="ClickOnClosed" classname="testPackage.TC07_LinkTest" time="0.261">
    <system-err><![CDATA[May 25, 2026 11:08:36 PM org.openqa.selenium.devtools.CdpVersionFinder findNearestMatch
WARNING: Unable to find CDP implementation matching 149
May 25, 2026 11:08:36 PM org.openqa.selenium.chromium.ChromiumDriver lambda$new$4
WARNING: Unable to find version of CDP to use for 149.0.7827.22. You may need to include a dependency on a specific version of the CDP using something similar to `org.seleniumhq.selenium:selenium-devtools-v86:4.40.0` where the version ("v86") matches the version of the chromium-based browser you're using and the version number of the artifact is the same as Selenium's.
]]></system-err>
  </testcase>
  <testcase name="ClickOnPracticebtn" classname="testPackage.TC07_LinkTest" time="3.652"/>
  <testcase name="ClickOnElement" classname="testPackage.TC07_LinkTest" time="0.413"/>
  <testcase name="ClickOnLinks" classname="testPackage.TC07_LinkTest" time="0.486"/>
  <testcase name="ClickOnBrowserbtn" classname="testPackage.TC07_LinkTest" time="3.556"/>
  <testcase name="ClickOnAllLinks" classname="testPackage.TC07_LinkTest" time="3.529"/>
</testsuite>