<?xml version="1.0" encoding="UTF-8"?>
<testng-results ignored="0" total="42" passed="42" failed="0" skipped="0">
  <reporter-output>
  </reporter-output>
  <suite started-at="2026-05-31T23:29:56 IST" name="Suite" finished-at="2026-05-31T23:34:11 IST" duration-ms="254334">
    <groups>
    </groups>
    <test started-at="2026-05-31T23:29:56 IST" name="LoginTest" finished-at="2026-05-31T23:30:13 IST" duration-ms="16688">
      <class name="testPackage.TC01_LoginTest">
        <test-method is-config="true" signature="getLaunchUrl()[pri:0, instance:testPackage.TC01_LoginTest@7eac9008]" started-at="2026-05-31T23:29:56 IST" name="getLaunchUrl" finished-at="2026-05-31T23:30:12 IST" duration-ms="15245" status="PASS">
          <reporter-output>
          </reporter-output>
        </test-method> <!-- getLaunchUrl -->
        <test-method signature="getTitle()[pri:0, instance:testPackage.TC01_LoginTest@7eac9008]" started-at="2026-05-31T23:30:12 IST" name="getTitle" finished-at="2026-05-31T23:30:12 IST" duration-ms="39" status="PASS">
          <reporter-output>
          </reporter-output>
        </test-method> <!-- getTitle -->
        <test-method signature="getVerifyTitle()[pri:1, instance:testPackage.TC01_LoginTest@7eac9008]" started-at="2026-05-31T23:30:12 IST" name="getVerifyTitle" finished-at="2026-05-31T23:30:12 IST" duration-ms="49" status="PASS">
          <reporter-output>
          </reporter-output>
        </test-method> <!-- getVerifyTitle -->
        <test-method is-config="true" signature="closedBrowser()[pri:0, instance:testPackage.TC01_LoginTest@7eac9008]" started-at="2026-05-31T23:30:12 IST" name="closedBrowser" finished-at="2026-05-31T23:30:13 IST" duration-ms="1052" status="PASS">
          <reporter-output>
          </reporter-output>
        </test-method> <!-- closedBrowser -->
      </class> <!-- testPackage.TC01_LoginTest -->
    </test> <!-- LoginTest -->
    <test started-at="2026-05-31T23:30:13 IST" name="TextBoxTest" finished-at="2026-05-31T23:30:52 IST" duration-ms="38573">
      <class name="testPackage.TC02_TextBoxTest">
        <test-method is-config="true" signature="getlaunchUrl()[pri:0, instance:testPackage.TC02_TextBoxTest@1e66f1f5]" started-at="2026-05-31T23:30:13 IST" name="getlaunchUrl" finished-at="2026-05-31T23:30:26 IST" duration-ms="12942" status="PASS">
          <reporter-output>
          </reporter-output>
        </test-method> <!-- getlaunchUrl -->
        <test-method signature="ClickOnClosed()[pri:0, instance:testPackage.TC02_TextBoxTest@1e66f1f5]" started-at="2026-05-31T23:30:26 IST" name="ClickOnClosed" finished-at="2026-05-31T23:30:26 IST" duration-ms="222" status="PASS">
          <reporter-output>
          </reporter-output>
        </test-method> <!-- ClickOnClosed -->
        <test-method signature="ClickOnPracticebtn()[pri:1, instance:testPackage.TC02_TextBoxTest@1e66f1f5]" started-at="2026-05-31T23:30:26 IST" name="ClickOnPracticebtn" finished-at="2026-05-31T23:30:43 IST" duration-ms="16219" status="PASS">
          <reporter-output>
          </reporter-output>
        </test-method> <!-- ClickOnPracticebtn -->
        <test-method signature="ClickOnElement()[pri:2, instance:testPackage.TC02_TextBoxTest@1e66f1f5]" started-at="2026-05-31T23:30:43 IST" name="ClickOnElement" finished-at="2026-05-31T23:30:43 IST" duration-ms="411" status="PASS">
          <reporter-output>
          </reporter-output>
        </test-method> <!-- ClickOnElement -->
        <test-method signature="ClickOnTextBox()[pri:3, instance:testPackage.TC02_TextBoxTest@1e66f1f5]" started-at="2026-05-31T23:30:43 IST" name="ClickOnTextBox" finished-at="2026-05-31T23:30:44 IST" duration-ms="348" status="PASS">
          <reporter-output>
          </reporter-output>
        </test-method> <!-- ClickOnTextBox -->
        <test-method signature="getSendDetailTextbox()[pri:4, instance:testPackage.TC02_TextBoxTest@1e66f1f5]" started-at="2026-05-31T23:30:44 IST" name="getSendDetailTextbox" finished-at="2026-05-31T23:30:50 IST" duration-ms="6610" status="PASS">
          <reporter-output>
          </reporter-output>
        </test-method> <!-- getSendDetailTextbox -->
        <test-method signature="getdetailOftextbox()[pri:5, instance:testPackage.TC02_TextBoxTest@1e66f1f5]" started-at="2026-05-31T23:30:50 IST" name="getdetailOftextbox" finished-at="2026-05-31T23:30:51 IST" duration-ms="596" status="PASS">
          <reporter-output>
          </reporter-output>
        </test-method> <!-- getdetailOftextbox -->
        <test-method is-config="true" signature="closedBrowser()[pri:0, instance:testPackage.TC02_TextBoxTest@1e66f1f5]" started-at="2026-05-31T23:30:51 IST" name="closedBrowser" finished-at="2026-05-31T23:30:52 IST" duration-ms="943" status="PASS">
          <reporter-output>
          </reporter-output>
        </test-method> <!-- closedBrowser -->
      </class> <!-- testPackage.TC02_TextBoxTest -->
    </test> <!-- TextBoxTest -->
    <test started-at="2026-05-31T23:30:52 IST" name="CheckBoxTest" finished-at="2026-05-31T23:31:18 IST" duration-ms="26593">
      <class name="testPackage.TC03_CheckBoxTest">
        <test-method is-config="true" signature="getLaunchUrl()[pri:0, instance:testPackage.TC03_CheckBoxTest@394df057]" started-at="2026-05-31T23:30:52 IST" name="getLaunchUrl" finished-at="2026-05-31T23:30:58 IST" duration-ms="6373" status="PASS">
          <reporter-output>
          </reporter-output>
        </test-method> <!-- getLaunchUrl -->
        <test-method signature="ClickOnClosed()[pri:0, instance:testPackage.TC03_CheckBoxTest@394df057]" started-at="2026-05-31T23:30:58 IST" name="ClickOnClosed" finished-at="2026-05-31T23:30:59 IST" duration-ms="168" status="PASS">
          <reporter-output>
          </reporter-output>
        </test-method> <!-- ClickOnClosed -->
        <test-method signature="ClickOnPracticebtn()[pri:1, instance:testPackage.TC03_CheckBoxTest@394df057]" started-at="2026-05-31T23:30:59 IST" name="ClickOnPracticebtn" finished-at="2026-05-31T23:31:15 IST" duration-ms="16900" status="PASS">
          <reporter-output>
          </reporter-output>
        </test-method> <!-- ClickOnPracticebtn -->
        <test-method signature="ClickOnElement()[pri:2, instance:testPackage.TC03_CheckBoxTest@394df057]" started-at="2026-05-31T23:31:15 IST" name="ClickOnElement" finished-at="2026-05-31T23:31:16 IST" duration-ms="259" status="PASS">
          <reporter-output>
          </reporter-output>
        </test-method> <!-- ClickOnElement -->
        <test-method signature="ClickOnCheckbox()[pri:3, instance:testPackage.TC03_CheckBoxTest@394df057]" started-at="2026-05-31T23:31:16 IST" name="ClickOnCheckbox" finished-at="2026-05-31T23:31:16 IST" duration-ms="379" status="PASS">
          <reporter-output>
          </reporter-output>
        </test-method> <!-- ClickOnCheckbox -->
        <test-method signature="ClickonAllCheckbox()[pri:4, instance:testPackage.TC03_CheckBoxTest@394df057]" started-at="2026-05-31T23:31:16 IST" name="ClickonAllCheckbox" finished-at="2026-05-31T23:31:18 IST" duration-ms="1719" status="PASS">
          <reporter-output>
          </reporter-output>
        </test-method> <!-- ClickonAllCheckbox -->
        <test-method is-config="true" signature="closedBrowser()[pri:0, instance:testPackage.TC03_CheckBoxTest@394df057]" started-at="2026-05-31T23:31:18 IST" name="closedBrowser" finished-at="2026-05-31T23:31:18 IST" duration-ms="537" status="PASS">
          <reporter-output>
          </reporter-output>
        </test-method> <!-- closedBrowser -->
      </class> <!-- testPackage.TC03_CheckBoxTest -->
    </test> <!-- CheckBoxTest -->
    <test started-at="2026-05-31T23:31:19 IST" name="RadioButtonTest" finished-at="2026-05-31T23:31:52 IST" duration-ms="33742">
      <class name="testPackage.TC04_RadioButtonTest">
        <test-method is-config="true" signature="getLaunchUrl()[pri:0, instance:testPackage.TC04_RadioButtonTest@1190200a]" started-at="2026-05-31T23:31:19 IST" name="getLaunchUrl" finished-at="2026-05-31T23:31:33 IST" duration-ms="14849" status="PASS">
          <reporter-output>
          </reporter-output>
        </test-method> <!-- getLaunchUrl -->
        <test-method signature="ClickOnClosed()[pri:0, instance:testPackage.TC04_RadioButtonTest@1190200a]" started-at="2026-05-31T23:31:33 IST" name="ClickOnClosed" finished-at="2026-05-31T23:31:34 IST" duration-ms="228" status="PASS">
          <reporter-output>
          </reporter-output>
        </test-method> <!-- ClickOnClosed -->
        <test-method signature="ClickOnPracticebtn()[pri:1, instance:testPackage.TC04_RadioButtonTest@1190200a]" started-at="2026-05-31T23:31:34 IST" name="ClickOnPracticebtn" finished-at="2026-05-31T23:31:50 IST" duration-ms="16633" status="PASS">
          <reporter-output>
          </reporter-output>
        </test-method> <!-- ClickOnPracticebtn -->
        <test-method signature="ClickOnElement()[pri:2, instance:testPackage.TC04_RadioButtonTest@1190200a]" started-at="2026-05-31T23:31:50 IST" name="ClickOnElement" finished-at="2026-05-31T23:31:51 IST" duration-ms="344" status="PASS">
          <reporter-output>
          </reporter-output>
        </test-method> <!-- ClickOnElement -->
        <test-method signature="ClickOnRadioButtons()[pri:3, instance:testPackage.TC04_RadioButtonTest@1190200a]" started-at="2026-05-31T23:31:51 IST" name="ClickOnRadioButtons" finished-at="2026-05-31T23:31:51 IST" duration-ms="414" status="PASS">
          <reporter-output>
          </reporter-output>
        </test-method> <!-- ClickOnRadioButtons -->
        <test-method signature="ClickOnAllRadioButton()[pri:4, instance:testPackage.TC04_RadioButtonTest@1190200a]" started-at="2026-05-31T23:31:51 IST" name="ClickOnAllRadioButton" finished-at="2026-05-31T23:31:52 IST" duration-ms="716" status="PASS">
          <reporter-output>
          </reporter-output>
        </test-method> <!-- ClickOnAllRadioButton -->
        <test-method is-config="true" signature="closedBrowser()[pri:0, instance:testPackage.TC04_RadioButtonTest@1190200a]" started-at="2026-05-31T23:31:52 IST" name="closedBrowser" finished-at="2026-05-31T23:31:52 IST" duration-ms="485" status="PASS">
          <reporter-output>
          </reporter-output>
        </test-method> <!-- closedBrowser -->
      </class> <!-- testPackage.TC04_RadioButtonTest -->
    </test> <!-- RadioButtonTest -->
    <test started-at="2026-05-31T23:31:52 IST" name="WebTableTest" finished-at="2026-05-31T23:32:33 IST" duration-ms="40763">
      <class name="testPackage.TC05_WebTableTest">
        <test-method is-config="true" signature="getLaunchUrl()[pri:0, instance:testPackage.TC05_WebTableTest@f79e]" started-at="2026-05-31T23:31:52 IST" name="getLaunchUrl" finished-at="2026-05-31T23:32:00 IST" duration-ms="7783" status="PASS">
          <reporter-output>
          </reporter-output>
        </test-method> <!-- getLaunchUrl -->
        <test-method signature="ClickOnClosed()[pri:0, instance:testPackage.TC05_WebTableTest@f79e]" started-at="2026-05-31T23:32:00 IST" name="ClickOnClosed" finished-at="2026-05-31T23:32:00 IST" duration-ms="262" status="PASS">
          <reporter-output>
          </reporter-output>
        </test-method> <!-- ClickOnClosed -->
        <test-method signature="ClickOnPracticebtn()[pri:1, instance:testPackage.TC05_WebTableTest@f79e]" started-at="2026-05-31T23:32:00 IST" name="ClickOnPracticebtn" finished-at="2026-05-31T23:32:06 IST" duration-ms="5464" status="PASS">
          <reporter-output>
          </reporter-output>
        </test-method> <!-- ClickOnPracticebtn -->
        <test-method signature="ClickOnElement()[pri:2, instance:testPackage.TC05_WebTableTest@f79e]" started-at="2026-05-31T23:32:06 IST" name="ClickOnElement" finished-at="2026-05-31T23:32:06 IST" duration-ms="283" status="PASS">
          <reporter-output>
          </reporter-output>
        </test-method> <!-- ClickOnElement -->
        <test-method signature="ClickOnWebTable()[pri:3, instance:testPackage.TC05_WebTableTest@f79e]" started-at="2026-05-31T23:32:06 IST" name="ClickOnWebTable" finished-at="2026-05-31T23:32:07 IST" duration-ms="414" status="PASS">
          <reporter-output>
          </reporter-output>
        </test-method> <!-- ClickOnWebTable -->
        <test-method signature="getfilldetail()[pri:4, instance:testPackage.TC05_WebTableTest@f79e]" started-at="2026-05-31T23:32:07 IST" name="getfilldetail" finished-at="2026-05-31T23:32:19 IST" duration-ms="12005" status="PASS">
          <reporter-output>
          </reporter-output>
        </test-method> <!-- getfilldetail -->
        <test-method signature="getUpdate()[pri:5, instance:testPackage.TC05_WebTableTest@f79e]" started-at="2026-05-31T23:32:19 IST" name="getUpdate" finished-at="2026-05-31T23:32:31 IST" duration-ms="12777" status="PASS">
          <reporter-output>
          </reporter-output>
        </test-method> <!-- getUpdate -->
        <test-method signature="getUpdated_data()[pri:6, instance:testPackage.TC05_WebTableTest@f79e]" started-at="2026-05-31T23:32:31 IST" name="getUpdated_data" finished-at="2026-05-31T23:32:32 IST" duration-ms="827" status="PASS">
          <reporter-output>
          </reporter-output>
        </test-method> <!-- getUpdated_data -->
        <test-method is-config="true" signature="closedBrowser()[pri:0, instance:testPackage.TC05_WebTableTest@f79e]" started-at="2026-05-31T23:32:32 IST" name="closedBrowser" finished-at="2026-05-31T23:32:33 IST" duration-ms="767" status="PASS">
          <reporter-output>
          </reporter-output>
        </test-method> <!-- closedBrowser -->
      </class> <!-- testPackage.TC05_WebTableTest -->
    </test> <!-- WebTableTest -->
    <test started-at="2026-05-31T23:32:33 IST" name="ButtonsTest" finished-at="2026-05-31T23:33:07 IST" duration-ms="33953">
      <class name="testPackage.TC06_ButtonsTest">
        <test-method is-config="true" signature="getLaunchUrl()[pri:0, instance:testPackage.TC06_ButtonsTest@561b6512]" started-at="2026-05-31T23:32:33 IST" name="getLaunchUrl" finished-at="2026-05-31T23:32:44 IST" duration-ms="11314" status="PASS">
          <reporter-output>
          </reporter-output>
        </test-method> <!-- getLaunchUrl -->
        <test-method signature="ClickOnClosed()[pri:0, instance:testPackage.TC06_ButtonsTest@561b6512]" started-at="2026-05-31T23:32:44 IST" name="ClickOnClosed" finished-at="2026-05-31T23:32:45 IST" duration-ms="240" status="PASS">
          <reporter-output>
          </reporter-output>
        </test-method> <!-- ClickOnClosed -->
        <test-method signature="ClickOnPracticebtn()[pri:1, instance:testPackage.TC06_ButtonsTest@561b6512]" started-at="2026-05-31T23:32:45 IST" name="ClickOnPracticebtn" finished-at="2026-05-31T23:33:04 IST" duration-ms="19320" status="PASS">
          <reporter-output>
          </reporter-output>
        </test-method> <!-- ClickOnPracticebtn -->
        <test-method signature="ClickOnElement()[pri:2, instance:testPackage.TC06_ButtonsTest@561b6512]" started-at="2026-05-31T23:33:04 IST" name="ClickOnElement" finished-at="2026-05-31T23:33:04 IST" duration-ms="471" status="PASS">
          <reporter-output>
          </reporter-output>
        </test-method> <!-- ClickOnElement -->
        <test-method signature="ClickOnButton()[pri:3, instance:testPackage.TC06_ButtonsTest@561b6512]" started-at="2026-05-31T23:33:04 IST" name="ClickOnButton" finished-at="2026-05-31T23:33:05 IST" duration-ms="436" status="PASS">
          <reporter-output>
          </reporter-output>
        </test-method> <!-- ClickOnButton -->
        <test-method signature="ClickOnAllbutton()[pri:4, instance:testPackage.TC06_ButtonsTest@561b6512]" started-at="2026-05-31T23:33:05 IST" name="ClickOnAllbutton" finished-at="2026-05-31T23:33:06 IST" duration-ms="1449" status="PASS">
          <reporter-output>
          </reporter-output>
        </test-method> <!-- ClickOnAllbutton -->
        <test-method is-config="true" signature="closedBrowser()[pri:0, instance:testPackage.TC06_ButtonsTest@561b6512]" started-at="2026-05-31T23:33:06 IST" name="closedBrowser" finished-at="2026-05-31T23:33:07 IST" duration-ms="588" status="PASS">
          <reporter-output>
          </reporter-output>
        </test-method> <!-- closedBrowser -->
      </class> <!-- testPackage.TC06_ButtonsTest -->
    </test> <!-- ButtonsTest -->
    <test started-at="2026-05-31T23:33:07 IST" name="LinkTest" finished-at="2026-05-31T23:33:39 IST" duration-ms="31717">
      <class name="testPackage.TC07_LinkTest">
        <test-method is-config="true" signature="getLaunchUrl()[pri:0, instance:testPackage.TC07_LinkTest@e4487af]" started-at="2026-05-31T23:33:07 IST" name="getLaunchUrl" finished-at="2026-05-31T23:33:23 IST" duration-ms="15632" status="PASS">
          <reporter-output>
          </reporter-output>
        </test-method> <!-- getLaunchUrl -->
        <test-method signature="ClickOnClosed()[pri:0, instance:testPackage.TC07_LinkTest@e4487af]" started-at="2026-05-31T23:33:23 IST" name="ClickOnClosed" finished-at="2026-05-31T23:33:23 IST" duration-ms="228" status="PASS">
          <reporter-output>
          </reporter-output>
        </test-method> <!-- ClickOnClosed -->
        <test-method signature="ClickOnPracticebtn()[pri:1, instance:testPackage.TC07_LinkTest@e4487af]" started-at="2026-05-31T23:33:23 IST" name="ClickOnPracticebtn" finished-at="2026-05-31T23:33:30 IST" duration-ms="7100" status="PASS">
          <reporter-output>
          </reporter-output>
        </test-method> <!-- ClickOnPracticebtn -->
        <test-method signature="ClickOnElement()[pri:2, instance:testPackage.TC07_LinkTest@e4487af]" started-at="2026-05-31T23:33:30 IST" name="ClickOnElement" finished-at="2026-05-31T23:33:30 IST" duration-ms="253" status="PASS">
          <reporter-output>
          </reporter-output>
        </test-method> <!-- ClickOnElement -->
        <test-method signature="ClickOnLinks()[pri:3, instance:testPackage.TC07_LinkTest@e4487af]" started-at="2026-05-31T23:33:30 IST" name="ClickOnLinks" finished-at="2026-05-31T23:33:31 IST" duration-ms="446" status="PASS">
          <reporter-output>
          </reporter-output>
        </test-method> <!-- ClickOnLinks -->
        <test-method signature="ClickOnBrowserbtn()[pri:4, instance:testPackage.TC07_LinkTest@e4487af]" started-at="2026-05-31T23:33:31 IST" name="ClickOnBrowserbtn" finished-at="2026-05-31T23:33:35 IST" duration-ms="3781" status="PASS">
          <reporter-output>
          </reporter-output>
        </test-method> <!-- ClickOnBrowserbtn -->
        <test-method signature="ClickOnAllLinks()[pri:5, instance:testPackage.TC07_LinkTest@e4487af]" started-at="2026-05-31T23:33:35 IST" name="ClickOnAllLinks" finished-at="2026-05-31T23:33:38 IST" duration-ms="3151" status="PASS">
          <reporter-output>
          </reporter-output>
        </test-method> <!-- ClickOnAllLinks -->
        <test-method is-config="true" signature="closedBrowser()[pri:0, instance:testPackage.TC07_LinkTest@e4487af]" started-at="2026-05-31T23:33:38 IST" name="closedBrowser" finished-at="2026-05-31T23:33:39 IST" duration-ms="1032" status="PASS">
          <reporter-output>
          </reporter-output>
        </test-method> <!-- closedBrowser -->
      </class> <!-- testPackage.TC07_LinkTest -->
    </test> <!-- LinkTest -->
    <test started-at="2026-05-31T23:33:39 IST" name="UploadAndDownload" finished-at="2026-05-31T23:34:11 IST" duration-ms="31848">
      <class name="testPackage.TC08_UploadAndDownloadTest">
        <test-method is-config="true" signature="getLaunchUrl()[pri:0, instance:testPackage.TC08_UploadAndDownloadTest@38102d01]" started-at="2026-05-31T23:33:39 IST" name="getLaunchUrl" finished-at="2026-05-31T23:33:50 IST" duration-ms="10825" status="PASS">
          <reporter-output>
          </reporter-output>
        </test-method> <!-- getLaunchUrl -->
        <test-method signature="ClickOnClosed()[pri:0, instance:testPackage.TC08_UploadAndDownloadTest@38102d01]" started-at="2026-05-31T23:33:50 IST" name="ClickOnClosed" finished-at="2026-05-31T23:33:50 IST" duration-ms="216" status="PASS">
          <reporter-output>
          </reporter-output>
        </test-method> <!-- ClickOnClosed -->
        <test-method signature="ClickOnPracticebtn()[pri:1, instance:testPackage.TC08_UploadAndDownloadTest@38102d01]" started-at="2026-05-31T23:33:50 IST" name="ClickOnPracticebtn" finished-at="2026-05-31T23:34:05 IST" duration-ms="15521" status="PASS">
          <reporter-output>
          </reporter-output>
        </test-method> <!-- ClickOnPracticebtn -->
        <test-method signature="ClickOnElement()[pri:2, instance:testPackage.TC08_UploadAndDownloadTest@38102d01]" started-at="2026-05-31T23:34:05 IST" name="ClickOnElement" finished-at="2026-05-31T23:34:06 IST" duration-ms="289" status="PASS">
          <reporter-output>
          </reporter-output>
        </test-method> <!-- ClickOnElement -->
        <test-method signature="ClickOnUploadAndDownlaod()[pri:3, instance:testPackage.TC08_UploadAndDownloadTest@38102d01]" started-at="2026-05-31T23:34:06 IST" name="ClickOnUploadAndDownlaod" finished-at="2026-05-31T23:34:06 IST" duration-ms="396" status="PASS">
          <reporter-output>
          </reporter-output>
        </test-method> <!-- ClickOnUploadAndDownlaod -->
        <test-method signature="ClickOnSelectFile()[pri:4, instance:testPackage.TC08_UploadAndDownloadTest@38102d01]" started-at="2026-05-31T23:34:06 IST" name="ClickOnSelectFile" finished-at="2026-05-31T23:34:06 IST" duration-ms="320" status="PASS">
          <reporter-output>
          </reporter-output>
        </test-method> <!-- ClickOnSelectFile -->
        <test-method signature="uploadingfile()[pri:5, instance:testPackage.TC08_UploadAndDownloadTest@38102d01]" started-at="2026-05-31T23:34:06 IST" name="uploadingfile" finished-at="2026-05-31T23:34:09 IST" duration-ms="3034" status="PASS">
          <reporter-output>
          </reporter-output>
        </test-method> <!-- uploadingfile -->
        <test-method is-config="true" signature="closedBrowser()[pri:0, instance:testPackage.TC08_UploadAndDownloadTest@38102d01]" started-at="2026-05-31T23:34:09 IST" name="closedBrowser" finished-at="2026-05-31T23:34:11 IST" duration-ms="1151" status="PASS">
          <reporter-output>
          </reporter-output>
        </test-method> <!-- closedBrowser -->
      </class> <!-- testPackage.TC08_UploadAndDownloadTest -->
    </test> <!-- UploadAndDownload -->
  </suite> <!-- Suite -->
</testng-results>
