<?xml version="1.0" encoding="UTF-8"?>
<testng-results ignored="0" total="6" passed="6" failed="0" skipped="0">
  <reporter-output>
  </reporter-output>
  <suite started-at="2026-05-31T18:42:26 IST" name="Default suite" finished-at="2026-05-31T18:42:49 IST" duration-ms="22560">
    <groups>
    </groups>
    <test started-at="2026-05-31T18:42:26 IST" name="Default test" finished-at="2026-05-31T18:42:49 IST" duration-ms="22560">
      <class name="testPackage.TC08_UploadAndDownloadTest">
        <test-method is-config="true" signature="getLaunchUrl()[pri:0, instance:testPackage.TC08_UploadAndDownloadTest@6ed3ccb2]" started-at="2026-05-31T18:42:26 IST" name="getLaunchUrl" finished-at="2026-05-31T18:42:39 IST" duration-ms="12655" status="PASS">
          <reporter-output>
          </reporter-output>
        </test-method> <!-- getLaunchUrl -->
        <test-method signature="ClickOnClosed()[pri:0, instance:testPackage.TC08_UploadAndDownloadTest@6ed3ccb2]" started-at="2026-05-31T18:42:39 IST" name="ClickOnClosed" finished-at="2026-05-31T18:42:40 IST" duration-ms="765" status="PASS">
          <reporter-output>
          </reporter-output>
        </test-method> <!-- ClickOnClosed -->
        <test-method signature="ClickOnPracticebtn()[pri:1, instance:testPackage.TC08_UploadAndDownloadTest@6ed3ccb2]" started-at="2026-05-31T18:42:40 IST" name="ClickOnPracticebtn" finished-at="2026-05-31T18:42:43 IST" duration-ms="2706" status="PASS">
          <reporter-output>
          </reporter-output>
        </test-method> <!-- ClickOnPracticebtn -->
        <test-method signature="ClickOnElement()[pri:2, instance:testPackage.TC08_UploadAndDownloadTest@6ed3ccb2]" started-at="2026-05-31T18:42:43 IST" name="ClickOnElement" finished-at="2026-05-31T18:42:43 IST" duration-ms="357" status="PASS">
          <reporter-output>
          </reporter-output>
        </test-method> <!-- ClickOnElement -->
        <test-method signature="ClickOnUploadAndDownlaod()[pri:3, instance:testPackage.TC08_UploadAndDownloadTest@6ed3ccb2]" started-at="2026-05-31T18:42:43 IST" name="ClickOnUploadAndDownlaod" finished-at="2026-05-31T18:42:44 IST" duration-ms="1013" status="PASS">
          <reporter-output>
          </reporter-output>
        </test-method> <!-- ClickOnUploadAndDownlaod -->
        <test-method signature="ClickOnSelectFile()[pri:4, instance:testPackage.TC08_UploadAndDownloadTest@6ed3ccb2]" started-at="2026-05-31T18:42:44 IST" name="ClickOnSelectFile" finished-at="2026-05-31T18:42:45 IST" duration-ms="568" status="PASS">
          <reporter-output>
          </reporter-output>
        </test-method> <!-- ClickOnSelectFile -->
        <test-method signature="uploadingfile()[pri:5, instance:testPackage.TC08_UploadAndDownloadTest@6ed3ccb2]" started-at="2026-05-31T18:42:45 IST" name="uploadingfile" finished-at="2026-05-31T18:42:49 IST" duration-ms="3917" status="PASS">
          <reporter-output>
          </reporter-output>
        </test-method> <!-- uploadingfile -->
        <test-method is-config="true" signature="closedBrowser()[pri:0, instance:testPackage.TC08_UploadAndDownloadTest@6ed3ccb2]" started-at="2026-05-31T18:42:49 IST" name="closedBrowser" finished-at="2026-05-31T18:42:49 IST" duration-ms="3" status="PASS">
          <reporter-output>
          </reporter-output>
        </test-method> <!-- closedBrowser -->
      </class> <!-- testPackage.TC08_UploadAndDownloadTest -->
    </test> <!-- Default test -->
  </suite> <!-- Default suite -->
</testng-results>
