<?xml version="1.0" encoding="UTF-8"?>
<!-- Generated by org.testng.reporters.JUnitReportReporter -->
<testsuite hostname="DESKTOP-O2IPSNG" failures="0" tests="7" name="testPackage.TC05_WebTableTest" time="38.045" errors="0" timestamp="2026-05-25T23:05:02 IST" skipped="0">
  <testcase classname="testPackage.TC05_WebTableTest" name="ClickOnClosed" time="0.220"/>
  <testcase classname="testPackage.TC05_WebTableTest" name="ClickOnPracticebtn" time="2.450"/>
  <testcase classname="testPackage.TC05_WebTableTest" name="ClickOnElement" time="0.345"/>
  <testcase classname="testPackage.TC05_WebTableTest" name="ClickOnWebTable" time="0.414"/>
  <testcase classname="testPackage.TC05_WebTableTest" name="getfilldetail" time="11.031"/>
  <testcase classname="testPackage.TC05_WebTableTest" name="getUpdate" time="22.598"/>
  <testcase classname="testPackage.TC05_WebTableTest" name="getUpdated_data" time="0.987"/>
</testsuite> <!-- testPackage.TC05_WebTableTest -->
