<?xml version="1.0" encoding="UTF-8"?>
<!-- Generated by org.testng.reporters.JUnitReportReporter -->
<testsuite hostname="DESKTOP-O2IPSNG" failures="0" tests="5" name="testPackage.TC04_RadioButtonTest" time="4.070" errors="0" timestamp="2026-05-25T23:05:02 IST" skipped="0">
  <testcase classname="testPackage.TC04_RadioButtonTest" name="ClickOnClosed" time="0.229"/>
  <testcase classname="testPackage.TC04_RadioButtonTest" name="ClickOnPracticebtn" time="2.521"/>
  <testcase classname="testPackage.TC04_RadioButtonTest" name="ClickOnElement" time="0.334"/>
  <testcase classname="testPackage.TC04_RadioButtonTest" name="ClickOnRadioButtons" time="0.266"/>
  <testcase classname="testPackage.TC04_RadioButtonTest" name="ClickOnAllRadioButton" time="0.720"/>
</testsuite> <!-- testPackage.TC04_RadioButtonTest -->
