<?xml version="1.0" encoding="UTF-8"?>
<!-- Generated by org.testng.reporters.JUnitReportReporter -->
<testsuite hostname="DESKTOP-O2IPSNG" failures="0" tests="6" name="testPackage.TC07_LinkTest" time="14.959" errors="0" timestamp="2026-05-31T23:34:12 IST" skipped="0">
  <testcase classname="testPackage.TC07_LinkTest" name="ClickOnClosed" time="0.228"/>
  <testcase classname="testPackage.TC07_LinkTest" name="ClickOnPracticebtn" time="7.100"/>
  <testcase classname="testPackage.TC07_LinkTest" name="ClickOnElement" time="0.253"/>
  <testcase classname="testPackage.TC07_LinkTest" name="ClickOnLinks" time="0.446"/>
  <testcase classname="testPackage.TC07_LinkTest" name="ClickOnBrowserbtn" time="3.781"/>
  <testcase classname="testPackage.TC07_LinkTest" name="ClickOnAllLinks" time="3.151"/>
</testsuite> <!-- testPackage.TC07_LinkTest -->
