<?xml version="1.0" encoding="UTF-8"?>
<!-- Generated by org.testng.reporters.JUnitReportReporter -->
<testsuite hostname="DESKTOP-O2IPSNG" failures="0" tests="6" name="testPackage.TC02_TextBoxTest" time="24.406" errors="0" timestamp="2026-05-31T23:34:12 IST" skipped="0">
  <testcase classname="testPackage.TC02_TextBoxTest" name="ClickOnClosed" time="0.222"/>
  <testcase classname="testPackage.TC02_TextBoxTest" name="ClickOnPracticebtn" time="16.219"/>
  <testcase classname="testPackage.TC02_TextBoxTest" name="ClickOnElement" time="0.411"/>
  <testcase classname="testPackage.TC02_TextBoxTest" name="ClickOnTextBox" time="0.348"/>
  <testcase classname="testPackage.TC02_TextBoxTest" name="getSendDetailTextbox" time="6.610"/>
  <testcase classname="testPackage.TC02_TextBoxTest" name="getdetailOftextbox" time="0.596"/>
</testsuite> <!-- testPackage.TC02_TextBoxTest -->
