<?xml version="1.0" encoding="UTF-8"?>
<!-- Generated by org.testng.reporters.JUnitReportReporter -->
<testsuite hostname="DESKTOP-O2IPSNG" failures="0" tests="5" name="testPackage.TC03_CheckBoxTest" time="6.453" errors="0" timestamp="2026-05-25T23:05:02 IST" skipped="0">
  <testcase classname="testPackage.TC03_CheckBoxTest" name="ClickOnClosed" time="0.248"/>
  <testcase classname="testPackage.TC03_CheckBoxTest" name="ClickOnPracticebtn" time="2.700"/>
  <testcase classname="testPackage.TC03_CheckBoxTest" name="ClickOnElement" time="0.467"/>
  <testcase classname="testPackage.TC03_CheckBoxTest" name="ClickOnCheckbox" time="0.561"/>
  <testcase classname="testPackage.TC03_CheckBoxTest" name="ClickonAllCheckbox" time="2.477"/>
</testsuite> <!-- testPackage.TC03_CheckBoxTest -->
