<?xml version="1.0" encoding="UTF-8"?>
<!-- Generated by org.testng.reporters.JUnitReportReporter -->
<testsuite hostname="DESKTOP-O2IPSNG" failures="0" tests="6" name="testPackage.TC08_UploadAndDownloadTest" time="9.326" errors="0" timestamp="2026-05-31T18:42:50 IST" skipped="0">
  <testcase classname="testPackage.TC08_UploadAndDownloadTest" name="ClickOnClosed" time="0.765"/>
  <testcase classname="testPackage.TC08_UploadAndDownloadTest" name="ClickOnPracticebtn" time="2.706"/>
  <testcase classname="testPackage.TC08_UploadAndDownloadTest" name="ClickOnElement" time="0.357"/>
  <testcase classname="testPackage.TC08_UploadAndDownloadTest" name="ClickOnUploadAndDownlaod" time="1.013"/>
  <testcase classname="testPackage.TC08_UploadAndDownloadTest" name="ClickOnSelectFile" time="0.568"/>
  <testcase classname="testPackage.TC08_UploadAndDownloadTest" name="uploadingfile" time="3.917"/>
</testsuite> <!-- testPackage.TC08_UploadAndDownloadTest -->
