<?xml version="1.0" encoding="UTF-8"?>
<!-- Generated by org.testng.reporters.JUnitReportReporter -->
<testsuite hostname="DESKTOP-O2IPSNG" failures="0" tests="5" name="testPackage.TC06_ButtonsTest" time="4.826" errors="0" timestamp="2026-05-25T23:05:02 IST" skipped="0">
  <testcase classname="testPackage.TC06_ButtonsTest" name="ClickOnClosed" time="0.259"/>
  <testcase classname="testPackage.TC06_ButtonsTest" name="ClickOnPracticebtn" time="2.683"/>
  <testcase classname="testPackage.TC06_ButtonsTest" name="ClickOnElement" time="0.366"/>
  <testcase classname="testPackage.TC06_ButtonsTest" name="ClickOnButton" time="0.369"/>
  <testcase classname="testPackage.TC06_ButtonsTest" name="ClickOnAllbutton" time="1.149"/>
</testsuite> <!-- testPackage.TC06_ButtonsTest -->
