<?xml version="1.0" encoding="UTF-8"?>
<!-- Generated by org.testng.reporters.JUnitReportReporter -->
<testsuite hostname="DESKTOP-O2IPSNG" failures="0" tests="6" name="testPackage.TC07_LinkTest" time="9.420" errors="0" timestamp="2026-05-25T23:05:02 IST" skipped="0">
  <testcase classname="testPackage.TC07_LinkTest" name="ClickOnClosed" time="0.225"/>
  <testcase classname="testPackage.TC07_LinkTest" name="ClickOnPracticebtn" time="2.444"/>
  <testcase classname="testPackage.TC07_LinkTest" name="ClickOnElement" time="0.302"/>
  <testcase classname="testPackage.TC07_LinkTest" name="ClickOnLinks" time="0.435"/>
  <testcase classname="testPackage.TC07_LinkTest" name="ClickOnBrowserbtn" time="2.349"/>
  <testcase classname="testPackage.TC07_LinkTest" name="ClickOnAllLinks" time="3.665"/>
</testsuite> <!-- testPackage.TC07_LinkTest -->
