<?xml version="1.0" encoding="UTF-8"?>
<!-- Generated by org.testng.reporters.JUnitReportReporter -->
<testsuite hostname="DESKTOP-O2IPSNG" failures="0" tests="5" name="testPackage.TC06_ButtonsTest" time="21.916" errors="0" timestamp="2026-05-31T23:34:12 IST" skipped="0">
  <testcase classname="testPackage.TC06_ButtonsTest" name="ClickOnClosed" time="0.240"/>
  <testcase classname="testPackage.TC06_ButtonsTest" name="ClickOnPracticebtn" time="19.320"/>
  <testcase classname="testPackage.TC06_ButtonsTest" name="ClickOnElement" time="0.471"/>
  <testcase classname="testPackage.TC06_ButtonsTest" name="ClickOnButton" time="0.436"/>
  <testcase classname="testPackage.TC06_ButtonsTest" name="ClickOnAllbutton" time="1.449"/>
</testsuite> <!-- testPackage.TC06_ButtonsTest -->
