<?xml version="1.0" encoding="UTF-8"?>
<!-- Generated by org.testng.reporters.JUnitReportReporter -->
<testsuite hostname="DESKTOP-O2IPSNG" failures="0" tests="5" name="testPackage.TC03_CheckBoxTest" time="19.425" errors="0" timestamp="2026-05-31T23:34:12 IST" skipped="0">
  <testcase classname="testPackage.TC03_CheckBoxTest" name="ClickOnClosed" time="0.168"/>
  <testcase classname="testPackage.TC03_CheckBoxTest" name="ClickOnPracticebtn" time="16.900"/>
  <testcase classname="testPackage.TC03_CheckBoxTest" name="ClickOnElement" time="0.259"/>
  <testcase classname="testPackage.TC03_CheckBoxTest" name="ClickOnCheckbox" time="0.379"/>
  <testcase classname="testPackage.TC03_CheckBoxTest" name="ClickonAllCheckbox" time="1.719"/>
</testsuite> <!-- testPackage.TC03_CheckBoxTest -->
