<?xml version="1.0" encoding="UTF-8"?>
<!-- Generated by org.testng.reporters.JUnitReportReporter -->
<testsuite hostname="DESKTOP-O2IPSNG" failures="0" tests="7" name="testPackage.TC05_WebTableTest" time="28.696" errors="0" timestamp="2026-06-07T17:44:42 IST" skipped="0">
  <testcase classname="testPackage.TC05_WebTableTest" name="ClickOnClosed" time="0.412"/>
  <testcase classname="testPackage.TC05_WebTableTest" name="ClickOnPracticebtn" time="9.109"/>
  <testcase classname="testPackage.TC05_WebTableTest" name="ClickOnElement" time="0.346"/>
  <testcase classname="testPackage.TC05_WebTableTest" name="ClickOnWebTable" time="0.573"/>
  <testcase classname="testPackage.TC05_WebTableTest" name="getfilldetail" time="8.043"/>
  <testcase classname="testPackage.TC05_WebTableTest" name="getUpdate" time="9.233"/>
  <testcase classname="testPackage.TC05_WebTableTest" name="getUpdated_data" time="0.980"/>
</testsuite> <!-- testPackage.TC05_WebTableTest -->
