<?xml version="1.0" encoding="UTF-8"?>
<!-- Generated by org.testng.reporters.JUnitReportReporter -->
<testsuite hostname="DESKTOP-O2IPSNG" failures="0" tests="5" name="testPackage.TC04_RadioButtonTest" time="4.389" errors="0" timestamp="2026-05-25T23:08:53 IST" skipped="0">
  <testcase classname="testPackage.TC04_RadioButtonTest" name="ClickOnClosed" time="0.222"/>
  <testcase classname="testPackage.TC04_RadioButtonTest" name="ClickOnPracticebtn" time="2.587"/>
  <testcase classname="testPackage.TC04_RadioButtonTest" name="ClickOnElement" time="0.313"/>
  <testcase classname="testPackage.TC04_RadioButtonTest" name="ClickOnRadioButtons" time="0.434"/>
  <testcase classname="testPackage.TC04_RadioButtonTest" name="ClickOnAllRadioButton" time="0.833"/>
</testsuite> <!-- testPackage.TC04_RadioButtonTest -->
