<?xml version="1.0" encoding="UTF-8"?>
<!-- Generated by org.testng.reporters.JUnitReportReporter -->
<testsuite hostname="DESKTOP-O2IPSNG" failures="0" tests="5" name="testPackage.TC03_CheckBoxTest" time="5.318" errors="0" timestamp="2026-05-25T23:08:53 IST" skipped="0">
  <testcase classname="testPackage.TC03_CheckBoxTest" name="ClickOnClosed" time="0.442"/>
  <testcase classname="testPackage.TC03_CheckBoxTest" name="ClickOnPracticebtn" time="2.573"/>
  <testcase classname="testPackage.TC03_CheckBoxTest" name="ClickOnElement" time="0.299"/>
  <testcase classname="testPackage.TC03_CheckBoxTest" name="ClickOnCheckbox" time="0.580"/>
  <testcase classname="testPackage.TC03_CheckBoxTest" name="ClickonAllCheckbox" time="1.424"/>
</testsuite> <!-- testPackage.TC03_CheckBoxTest -->
