<?xml version="1.0" encoding="UTF-8"?>
<!-- Generated by org.testng.reporters.JUnitReportReporter -->
<testsuite hostname="DESKTOP-O2IPSNG" failures="0" tests="6" name="testPackage.TC02_TextBoxTest" time="11.011" errors="0" timestamp="2026-05-25T23:08:53 IST" skipped="0">
  <testcase classname="testPackage.TC02_TextBoxTest" name="ClickOnClosed" time="0.242"/>
  <testcase classname="testPackage.TC02_TextBoxTest" name="ClickOnPracticebtn" time="2.455"/>
  <testcase classname="testPackage.TC02_TextBoxTest" name="ClickOnElement" time="0.350"/>
  <testcase classname="testPackage.TC02_TextBoxTest" name="ClickOnTextBox" time="0.482"/>
  <testcase classname="testPackage.TC02_TextBoxTest" name="getSendDetailTextbox" time="6.489"/>
  <testcase classname="testPackage.TC02_TextBoxTest" name="getdetailOftextbox" time="0.993"/>
</testsuite> <!-- testPackage.TC02_TextBoxTest -->
