<?xml version="1.0" encoding="UTF-8"?>
<!-- Generated by org.testng.reporters.JUnitReportReporter -->
<testsuite hostname="DESKTOP-O2IPSNG" failures="0" tests="7" name="testPackage.TC05_WebTableTest" time="33.683" errors="0" timestamp="2026-05-31T23:40:23 IST" skipped="0">
  <testcase classname="testPackage.TC05_WebTableTest" name="ClickOnClosed" time="0.168"/>
  <testcase classname="testPackage.TC05_WebTableTest" name="ClickOnPracticebtn" time="16.158"/>
  <testcase classname="testPackage.TC05_WebTableTest" name="ClickOnElement" time="0.265"/>
  <testcase classname="testPackage.TC05_WebTableTest" name="ClickOnWebTable" time="0.619"/>
  <testcase classname="testPackage.TC05_WebTableTest" name="getfilldetail" time="7.204"/>
  <testcase classname="testPackage.TC05_WebTableTest" name="getUpdate" time="8.615"/>
  <testcase classname="testPackage.TC05_WebTableTest" name="getUpdated_data" time="0.654"/>
</testsuite> <!-- testPackage.TC05_WebTableTest -->
