<?xml version="1.0" encoding="UTF-8"?>
<!-- Generated by org.testng.reporters.JUnitReportReporter -->
<testsuite hostname="DESKTOP-O2IPSNG" failures="0" tests="5" name="testPackage.TC04_RadioButtonTest" time="15.666" errors="0" timestamp="2026-05-31T23:40:23 IST" skipped="0">
  <testcase classname="testPackage.TC04_RadioButtonTest" name="ClickOnClosed" time="0.248"/>
  <testcase classname="testPackage.TC04_RadioButtonTest" name="ClickOnPracticebtn" time="13.861"/>
  <testcase classname="testPackage.TC04_RadioButtonTest" name="ClickOnElement" time="0.329"/>
  <testcase classname="testPackage.TC04_RadioButtonTest" name="ClickOnRadioButtons" time="0.492"/>
  <testcase classname="testPackage.TC04_RadioButtonTest" name="ClickOnAllRadioButton" time="0.736"/>
</testsuite> <!-- testPackage.TC04_RadioButtonTest -->
