<?xml version="1.0" encoding="UTF-8"?>
<!-- Generated by org.testng.reporters.JUnitReportReporter -->
<testsuite hostname="DESKTOP-O2IPSNG" failures="0" tests="6" name="testPackage.TC07_LinkTest" time="17.489" errors="0" timestamp="2026-05-31T23:40:23 IST" skipped="0">
  <testcase classname="testPackage.TC07_LinkTest" name="ClickOnClosed" time="0.222"/>
  <testcase classname="testPackage.TC07_LinkTest" name="ClickOnPracticebtn" time="11.847"/>
  <testcase classname="testPackage.TC07_LinkTest" name="ClickOnElement" time="0.289"/>
  <testcase classname="testPackage.TC07_LinkTest" name="ClickOnLinks" time="0.409"/>
  <testcase classname="testPackage.TC07_LinkTest" name="ClickOnBrowserbtn" time="1.904"/>
  <testcase classname="testPackage.TC07_LinkTest" name="ClickOnAllLinks" time="2.818"/>
</testsuite> <!-- testPackage.TC07_LinkTest -->
